{"logTime": "0407/152953", "correlationVector":"K3sk1tbpslwDf8nYYpG737.3","action":"GetUpdates Response", "result":"Success", "context":Received 250 update(s). cV=K3sk1tbpslwDf8nYYpG737.0;server=akswtt00600002t;cloudType=Consumer;environment=Prod_southeastasia_prod-s01-064-apac-southeastasia;migrationStage=NotStarted Some updates remain.}
{"logTime": "0407/152953", "correlationVector":"KN0x4Dsad9nQDI0G1TutP/","action":"Initial GetUpdates", "result":"", "context":Reason: NEWLY_SUPPORTED_DATATYPE. cV=KN0x4Dsad9nQDI0G1TutP/}
{"logTime": "0407/152953", "correlationVector":"KN0x4Dsad9nQDI0G1TutP/.1","action":"SyncServerConnectionManagerRequest", "result":"SYNC_SERVER_OK", "context":{"environment":"Prod_southeastasia_prod-s01-064-apac-southeastasia", "migrationStage":"NotStarted", "server":"akswtt006000011"}}
{"logTime": "0407/152953", "correlationVector":"KN0x4Dsad9nQDI0G1TutP/.2","action":"ProcessGetUpdates", "result":"Done", "context":{"dataType":"History", "deleted":"0", "process_failed_to_decrypt":"0", "process_pending_decryption":"0", "process_success":"250", "total":"250"}}
{"logTime": "0407/152953", "correlationVector":"KN0x4Dsad9nQDI0G1TutP/.3","action":"GetUpdates Response", "result":"Success", "context":Received 250 update(s). cV=KN0x4Dsad9nQDI0G1TutP/.0;server=akswtt006000011;cloudType=Consumer;environment=Prod_southeastasia_prod-s01-064-apac-southeastasia;migrationStage=NotStarted Some updates remain.}
{"logTime": "0407/152953", "correlationVector":"ocBQpeQU5/h3YqNxrzwKSw","action":"Initial GetUpdates", "result":"", "context":Reason: NEWLY_SUPPORTED_DATATYPE. cV=ocBQpeQU5/h3YqNxrzwKSw}
{"logTime": "0407/152954", "correlationVector":"ocBQpeQU5/h3YqNxrzwKSw.1","action":"SyncServerConnectionManagerRequest", "result":"SYNC_SERVER_OK", "context":{"environment":"Prod_southeastasia_prod-s01-064-apac-southeastasia", "migrationStage":"NotStarted", "server":"akswtt006000022"}}
{"logTime": "0407/152954", "correlationVector":"ocBQpeQU5/h3YqNxrzwKSw.2","action":"ProcessGetUpdates", "result":"Done", "context":{"dataType":"History", "deleted":"0", "process_failed_to_decrypt":"0", "process_pending_decryption":"0", "process_success":"250", "total":"250"}}
{"logTime": "0407/152954", "correlationVector":"ocBQpeQU5/h3YqNxrzwKSw.3","action":"GetUpdates Response", "result":"Success", "context":Received 250 update(s). cV=ocBQpeQU5/h3YqNxrzwKSw.0;server=akswtt006000022;cloudType=Consumer;environment=Prod_southeastasia_prod-s01-064-apac-southeastasia;migrationStage=NotStarted Some updates remain.}
{"logTime": "0407/152954", "correlationVector":"zLXFFwhXLFVqtFL2BRii5L","action":"Initial GetUpdates", "result":"", "context":Reason: NEWLY_SUPPORTED_DATATYPE. cV=zLXFFwhXLFVqtFL2BRii5L}
{"logTime": "0407/152954", "correlationVector":"zLXFFwhXLFVqtFL2BRii5L.1","action":"SyncServerConnectionManagerRequest", "result":"SYNC_SERVER_OK", "context":{"environment":"Prod_southeastasia_prod-s01-064-apac-southeastasia", "migrationStage":"NotStarted", "server":"akswtt00600000j"}}
{"logTime": "0407/152954", "correlationVector":"zLXFFwhXLFVqtFL2BRii5L.2","action":"ProcessGetUpdates", "result":"Done", "context":{"dataType":"History", "deleted":"0", "process_failed_to_decrypt":"0", "process_pending_decryption":"0", "process_success":"250", "total":"250"}}
{"logTime": "0407/152954", "correlationVector":"zLXFFwhXLFVqtFL2BRii5L.3","action":"GetUpdates Response", "result":"Success", "context":Received 250 update(s). cV=zLXFFwhXLFVqtFL2BRii5L.0;server=akswtt00600000j;cloudType=Consumer;environment=Prod_southeastasia_prod-s01-064-apac-southeastasia;migrationStage=NotStarted Some updates remain.}
{"logTime": "0407/152954", "correlationVector":"po0t53uFX01FLYMJz17Igs","action":"Initial GetUpdates", "result":"", "context":Reason: NEWLY_SUPPORTED_DATATYPE. cV=po0t53uFX01FLYMJz17Igs}
{"logTime": "0407/152954", "correlationVector":"po0t53uFX01FLYMJz17Igs.1","action":"SyncServerConnectionManagerRequest", "result":"SYNC_SERVER_OK", "context":{"environment":"Prod_southeastasia_prod-s01-064-apac-southeastasia", "migrationStage":"NotStarted", "server":"akswtt006000047"}}
{"logTime": "0407/152954", "correlationVector":"po0t53uFX01FLYMJz17Igs.2","action":"ProcessGetUpdates", "result":"Done", "context":{"dataType":"History", "deleted":"0", "process_failed_to_decrypt":"0", "process_pending_decryption":"0", "process_success":"250", "total":"250"}}
{"logTime": "0407/152954", "correlationVector":"po0t53uFX01FLYMJz17Igs.3","action":"GetUpdates Response", "result":"Success", "context":Received 250 update(s). cV=po0t53uFX01FLYMJz17Igs.0;server=akswtt006000047;cloudType=Consumer;environment=Prod_southeastasia_prod-s01-064-apac-southeastasia;migrationStage=NotStarted Some updates remain.}
{"logTime": "0407/152954", "correlationVector":"dy5cN+JxKtIbWovENrBlf9","action":"Initial GetUpdates", "result":"", "context":Reason: NEWLY_SUPPORTED_DATATYPE. cV=dy5cN+JxKtIbWovENrBlf9}
{"logTime": "0407/152954", "correlationVector":"dy5cN+JxKtIbWovENrBlf9.1","action":"SyncServerConnectionManagerRequest", "result":"SYNC_SERVER_OK", "context":{"environment":"Prod_southeastasia_prod-s01-064-apac-southeastasia", "migrationStage":"NotStarted", "server":"akswtt00600000v"}}
{"logTime": "0407/152954", "correlationVector":"dy5cN+JxKtIbWovENrBlf9.2","action":"ProcessGetUpdates", "result":"Done", "context":{"dataType":"History", "deleted":"0", "process_failed_to_decrypt":"0", "process_pending_decryption":"0", "process_success":"250", "total":"250"}}
{"logTime": "0407/152954", "correlationVector":"dy5cN+JxKtIbWovENrBlf9.3","action":"GetUpdates Response", "result":"Success", "context":Received 250 update(s). cV=dy5cN+JxKtIbWovENrBlf9.0;server=akswtt00600000v;cloudType=Consumer;environment=Prod_southeastasia_prod-s01-064-apac-southeastasia;migrationStage=NotStarted Some updates remain.}
{"logTime": "0407/152954", "correlationVector":"Hr5JTTA/ufwcsm3B1Nyjpb","action":"Initial GetUpdates", "result":"", "context":Reason: NEWLY_SUPPORTED_DATATYPE. cV=Hr5JTTA/ufwcsm3B1Nyjpb}
{"logTime": "0407/152955", "correlationVector":"Hr5JTTA/ufwcsm3B1Nyjpb.1","action":"SyncServerConnectionManagerRequest", "result":"SYNC_SERVER_OK", "context":{"environment":"Prod_southeastasia_prod-s01-064-apac-southeastasia", "migrationStage":"NotStarted", "server":"akswtt006000022"}}
{"logTime": "0407/152955", "correlationVector":"Hr5JTTA/ufwcsm3B1Nyjpb.2","action":"ProcessGetUpdates", "result":"Done", "context":{"dataType":"History", "deleted":"0", "process_failed_to_decrypt":"0", "process_pending_decryption":"0", "process_success":"250", "total":"250"}}
{"logTime": "0407/152955", "correlationVector":"Hr5JTTA/ufwcsm3B1Nyjpb.3","action":"GetUpdates Response", "result":"Success", "context":Received 250 update(s). cV=Hr5JTTA/ufwcsm3B1Nyjpb.0;server=akswtt006000022;cloudType=Consumer;environment=Prod_southeastasia_prod-s01-064-apac-southeastasia;migrationStage=NotStarted Some updates remain.}
{"logTime": "0407/152955", "correlationVector":"9oZ8UWMTb6Ltx1CzKb7ycn","action":"Initial GetUpdates", "result":"", "context":Reason: NEWLY_SUPPORTED_DATATYPE. cV=9oZ8UWMTb6Ltx1CzKb7ycn}
{"logTime": "0407/152955", "correlationVector":"9oZ8UWMTb6Ltx1CzKb7ycn.1","action":"SyncServerConnectionManagerRequest", "result":"SYNC_SERVER_OK", "context":{"environment":"Prod_southeastasia_prod-s01-064-apac-southeastasia", "migrationStage":"NotStarted", "server":"akswtt00600002t"}}
{"logTime": "0407/152955", "correlationVector":"9oZ8UWMTb6Ltx1CzKb7ycn.2","action":"ProcessGetUpdates", "result":"Done", "context":{"dataType":"History", "deleted":"0", "process_failed_to_decrypt":"0", "process_pending_decryption":"0", "process_success":"250", "total":"250"}}
{"logTime": "0407/152955", "correlationVector":"9oZ8UWMTb6Ltx1CzKb7ycn.3","action":"GetUpdates Response", "result":"Success", "context":Received 250 update(s). cV=9oZ8UWMTb6Ltx1CzKb7ycn.0;server=akswtt00600002t;cloudType=Consumer;environment=Prod_southeastasia_prod-s01-064-apac-southeastasia;migrationStage=NotStarted Some updates remain.}
{"logTime": "0407/152955", "correlationVector":"K6hWh8c+7yXdsNRbCo6c5S","action":"Initial GetUpdates", "result":"", "context":Reason: NEWLY_SUPPORTED_DATATYPE. cV=K6hWh8c+7yXdsNRbCo6c5S}
{"logTime": "0407/152955", "correlationVector":"K6hWh8c+7yXdsNRbCo6c5S.1","action":"SyncServerConnectionManagerRequest", "result":"SYNC_SERVER_OK", "context":{"environment":"Prod_southeastasia_prod-s01-064-apac-southeastasia", "migrationStage":"NotStarted", "server":"akswtt006000047"}}
{"logTime": "0407/152955", "correlationVector":"K6hWh8c+7yXdsNRbCo6c5S.2","action":"ProcessGetUpdates", "result":"Done", "context":{"dataType":"History", "deleted":"0", "process_failed_to_decrypt":"0", "process_pending_decryption":"0", "process_success":"250", "total":"250"}}
{"logTime": "0407/152955", "correlationVector":"K6hWh8c+7yXdsNRbCo6c5S.3","action":"GetUpdates Response", "result":"Success", "context":Received 250 update(s). cV=K6hWh8c+7yXdsNRbCo6c5S.0;server=akswtt006000047;cloudType=Consumer;environment=Prod_southeastasia_prod-s01-064-apac-southeastasia;migrationStage=NotStarted Some updates remain.}
{"logTime": "0407/152955", "correlationVector":"tCCpSbBArJHl0dlc5Z+R5s","action":"Initial GetUpdates", "result":"", "context":Reason: NEWLY_SUPPORTED_DATATYPE. cV=tCCpSbBArJHl0dlc5Z+R5s}
{"logTime": "0407/152955", "correlationVector":"tCCpSbBArJHl0dlc5Z+R5s.1","action":"SyncServerConnectionManagerRequest", "result":"SYNC_SERVER_OK", "context":{"environment":"Prod_southeastasia_prod-s01-064-apac-southeastasia", "migrationStage":"NotStarted", "server":"akswtt00600000v"}}
{"logTime": "0407/152955", "correlationVector":"tCCpSbBArJHl0dlc5Z+R5s.2","action":"ProcessGetUpdates", "result":"Done", "context":{"dataType":"History", "deleted":"0", "process_failed_to_decrypt":"0", "process_pending_decryption":"0", "process_success":"250", "total":"250"}}
{"logTime": "0407/152955", "correlationVector":"tCCpSbBArJHl0dlc5Z+R5s.3","action":"GetUpdates Response", "result":"Success", "context":Received 250 update(s). cV=tCCpSbBArJHl0dlc5Z+R5s.0;server=akswtt00600000v;cloudType=Consumer;environment=Prod_southeastasia_prod-s01-064-apac-southeastasia;migrationStage=NotStarted Some updates remain.}
{"logTime": "0407/152955", "correlationVector":"FOY5wMl8Z4+z6YQLMiGX1R","action":"Initial GetUpdates", "result":"", "context":Reason: NEWLY_SUPPORTED_DATATYPE. cV=FOY5wMl8Z4+z6YQLMiGX1R}
{"logTime": "0407/152956", "correlationVector":"FOY5wMl8Z4+z6YQLMiGX1R.1","action":"SyncServerConnectionManagerRequest", "result":"SYNC_SERVER_OK", "context":{"environment":"Prod_southeastasia_prod-s01-064-apac-southeastasia", "migrationStage":"NotStarted", "server":"akswtt00600002t"}}
{"logTime": "0407/152956", "correlationVector":"FOY5wMl8Z4+z6YQLMiGX1R.2","action":"ProcessGetUpdates", "result":"Done", "context":{"dataType":"History", "deleted":"0", "process_failed_to_decrypt":"0", "process_pending_decryption":"0", "process_success":"250", "total":"250"}}
{"logTime": "0407/152956", "correlationVector":"FOY5wMl8Z4+z6YQLMiGX1R.3","action":"GetUpdates Response", "result":"Success", "context":Received 250 update(s). cV=FOY5wMl8Z4+z6YQLMiGX1R.0;server=akswtt00600002t;cloudType=Consumer;environment=Prod_southeastasia_prod-s01-064-apac-southeastasia;migrationStage=NotStarted Some updates remain.}
{"logTime": "0407/152956", "correlationVector":"AxLHXAFkoToLgQjPXT0SU3","action":"Initial GetUpdates", "result":"", "context":Reason: NEWLY_SUPPORTED_DATATYPE. cV=AxLHXAFkoToLgQjPXT0SU3}
{"logTime": "0407/152956", "correlationVector":"AxLHXAFkoToLgQjPXT0SU3.1","action":"SyncServerConnectionManagerRequest", "result":"SYNC_SERVER_OK", "context":{"environment":"Prod_southeastasia_prod-s01-064-apac-southeastasia", "migrationStage":"NotStarted", "server":"akswtt00600003p"}}
{"logTime": "0407/152956", "correlationVector":"AxLHXAFkoToLgQjPXT0SU3.2","action":"ProcessGetUpdates", "result":"Done", "context":{"dataType":"History", "deleted":"0", "process_failed_to_decrypt":"0", "process_pending_decryption":"0", "process_success":"250", "total":"250"}}
{"logTime": "0407/152956", "correlationVector":"AxLHXAFkoToLgQjPXT0SU3.3","action":"GetUpdates Response", "result":"Success", "context":Received 250 update(s). cV=AxLHXAFkoToLgQjPXT0SU3.0;server=akswtt00600003p;cloudType=Consumer;environment=Prod_southeastasia_prod-s01-064-apac-southeastasia;migrationStage=NotStarted Some updates remain.}
{"logTime": "0407/152956", "correlationVector":"7MzEMw8FTuwSFvTcOmZrbY","action":"Initial GetUpdates", "result":"", "context":Reason: NEWLY_SUPPORTED_DATATYPE. cV=7MzEMw8FTuwSFvTcOmZrbY}
{"logTime": "0407/152956", "correlationVector":"7MzEMw8FTuwSFvTcOmZrbY.1","action":"SyncServerConnectionManagerRequest", "result":"SYNC_SERVER_OK", "context":{"environment":"Prod_southeastasia_prod-s01-064-apac-southeastasia", "migrationStage":"NotStarted", "server":"akswtt006000021"}}
{"logTime": "0407/152956", "correlationVector":"7MzEMw8FTuwSFvTcOmZrbY.2","action":"ProcessGetUpdates", "result":"Done", "context":{"dataType":"History", "deleted":"0", "process_failed_to_decrypt":"0", "process_pending_decryption":"0", "process_success":"250", "total":"250"}}
{"logTime": "0407/152956", "correlationVector":"7MzEMw8FTuwSFvTcOmZrbY.3","action":"GetUpdates Response", "result":"Success", "context":Received 250 update(s). cV=7MzEMw8FTuwSFvTcOmZrbY.0;server=akswtt006000021;cloudType=Consumer;environment=Prod_southeastasia_prod-s01-064-apac-southeastasia;migrationStage=NotStarted Some updates remain.}
{"logTime": "0407/152956", "correlationVector":"CJ2hUekIngc5WLPR0g2jny","action":"Initial GetUpdates", "result":"", "context":Reason: NEWLY_SUPPORTED_DATATYPE. cV=CJ2hUekIngc5WLPR0g2jny}
{"logTime": "0407/152956", "correlationVector":"CJ2hUekIngc5WLPR0g2jny.1","action":"SyncServerConnectionManagerRequest", "result":"SYNC_SERVER_OK", "context":{"environment":"Prod_southeastasia_prod-s01-064-apac-southeastasia", "migrationStage":"NotStarted", "server":"akswtt00600000v"}}
{"logTime": "0407/152956", "correlationVector":"CJ2hUekIngc5WLPR0g2jny.2","action":"ProcessGetUpdates", "result":"Done", "context":{"dataType":"History", "deleted":"0", "process_failed_to_decrypt":"0", "process_pending_decryption":"0", "process_success":"250", "total":"250"}}
{"logTime": "0407/152956", "correlationVector":"CJ2hUekIngc5WLPR0g2jny.3","action":"GetUpdates Response", "result":"Success", "context":Received 250 update(s). cV=CJ2hUekIngc5WLPR0g2jny.0;server=akswtt00600000v;cloudType=Consumer;environment=Prod_southeastasia_prod-s01-064-apac-southeastasia;migrationStage=NotStarted Some updates remain.}
{"logTime": "0407/152956", "correlationVector":"qtvM8gZREKT8bYLMMXpr9A","action":"Initial GetUpdates", "result":"", "context":Reason: NEWLY_SUPPORTED_DATATYPE. cV=qtvM8gZREKT8bYLMMXpr9A}
{"logTime": "0407/152957", "correlationVector":"qtvM8gZREKT8bYLMMXpr9A.1","action":"SyncServerConnectionManagerRequest", "result":"SYNC_SERVER_OK", "context":{"environment":"Prod_southeastasia_prod-s01-064-apac-southeastasia", "migrationStage":"NotStarted", "server":"akswtt00600002t"}}
{"logTime": "0407/152957", "correlationVector":"qtvM8gZREKT8bYLMMXpr9A.2","action":"ProcessGetUpdates", "result":"Done", "context":{"dataType":"History", "deleted":"0", "process_failed_to_decrypt":"0", "process_pending_decryption":"0", "process_success":"250", "total":"250"}}
{"logTime": "0407/152957", "correlationVector":"qtvM8gZREKT8bYLMMXpr9A.3","action":"GetUpdates Response", "result":"Success", "context":Received 250 update(s). cV=qtvM8gZREKT8bYLMMXpr9A.0;server=akswtt00600002t;cloudType=Consumer;environment=Prod_southeastasia_prod-s01-064-apac-southeastasia;migrationStage=NotStarted Some updates remain.}
{"logTime": "0407/152957", "correlationVector":"tVySLAXNGOOyiFUdsGRzoR","action":"Initial GetUpdates", "result":"", "context":Reason: NEWLY_SUPPORTED_DATATYPE. cV=tVySLAXNGOOyiFUdsGRzoR}
{"logTime": "0407/152957", "correlationVector":"tVySLAXNGOOyiFUdsGRzoR.1","action":"SyncServerConnectionManagerRequest", "result":"SYNC_SERVER_OK", "context":{"environment":"Prod_southeastasia_prod-s01-064-apac-southeastasia", "migrationStage":"NotStarted", "server":"akswtt006000021"}}
{"logTime": "0407/152957", "correlationVector":"tVySLAXNGOOyiFUdsGRzoR.2","action":"ProcessGetUpdates", "result":"Done", "context":{"dataType":"History", "deleted":"0", "process_failed_to_decrypt":"0", "process_pending_decryption":"0", "process_success":"250", "total":"250"}}
{"logTime": "0407/152957", "correlationVector":"tVySLAXNGOOyiFUdsGRzoR.3","action":"GetUpdates Response", "result":"Success", "context":Received 250 update(s). cV=tVySLAXNGOOyiFUdsGRzoR.0;server=akswtt006000021;cloudType=Consumer;environment=Prod_southeastasia_prod-s01-064-apac-southeastasia;migrationStage=NotStarted Some updates remain.}
{"logTime": "0407/152957", "correlationVector":"/ZZ6k8bgtBsiw2eG1R4Jkf","action":"Initial GetUpdates", "result":"", "context":Reason: NEWLY_SUPPORTED_DATATYPE. cV=/ZZ6k8bgtBsiw2eG1R4Jkf}
{"logTime": "0407/152957", "correlationVector":"/ZZ6k8bgtBsiw2eG1R4Jkf.1","action":"SyncServerConnectionManagerRequest", "result":"SYNC_SERVER_OK", "context":{"environment":"Prod_southeastasia_prod-s01-064-apac-southeastasia", "migrationStage":"NotStarted", "server":"akswtt006000031"}}
{"logTime": "0407/152957", "correlationVector":"/ZZ6k8bgtBsiw2eG1R4Jkf.2","action":"ProcessGetUpdates", "result":"Done", "context":{"dataType":"History", "deleted":"0", "process_failed_to_decrypt":"0", "process_pending_decryption":"0", "process_success":"250", "total":"250"}}
{"logTime": "0407/152957", "correlationVector":"/ZZ6k8bgtBsiw2eG1R4Jkf.3","action":"GetUpdates Response", "result":"Success", "context":Received 250 update(s). cV=/ZZ6k8bgtBsiw2eG1R4Jkf.0;server=akswtt006000031;cloudType=Consumer;environment=Prod_southeastasia_prod-s01-064-apac-southeastasia;migrationStage=NotStarted Some updates remain.}
{"logTime": "0407/152957", "correlationVector":"m4xHMBhzUY06GmVy986P3X","action":"Initial GetUpdates", "result":"", "context":Reason: NEWLY_SUPPORTED_DATATYPE. cV=m4xHMBhzUY06GmVy986P3X}
{"logTime": "0407/152958", "correlationVector":"m4xHMBhzUY06GmVy986P3X.1","action":"SyncServerConnectionManagerRequest", "result":"SYNC_SERVER_OK", "context":{"environment":"Prod_southeastasia_prod-s01-064-apac-southeastasia", "migrationStage":"NotStarted", "server":"akswtt006000022"}}
{"logTime": "0407/152958", "correlationVector":"m4xHMBhzUY06GmVy986P3X.2","action":"ProcessGetUpdates", "result":"Done", "context":{"dataType":"History", "deleted":"0", "process_failed_to_decrypt":"0", "process_pending_decryption":"0", "process_success":"250", "total":"250"}}
{"logTime": "0407/152958", "correlationVector":"m4xHMBhzUY06GmVy986P3X.3","action":"GetUpdates Response", "result":"Success", "context":Received 250 update(s). cV=m4xHMBhzUY06GmVy986P3X.0;server=akswtt006000022;cloudType=Consumer;environment=Prod_southeastasia_prod-s01-064-apac-southeastasia;migrationStage=NotStarted Some updates remain.}
{"logTime": "0407/152958", "correlationVector":"uzmAUIlPNeDuRuYiyZR0+C","action":"Initial GetUpdates", "result":"", "context":Reason: NEWLY_SUPPORTED_DATATYPE. cV=uzmAUIlPNeDuRuYiyZR0+C}
{"logTime": "0407/152958", "correlationVector":"uzmAUIlPNeDuRuYiyZR0+C.1","action":"SyncServerConnectionManagerRequest", "result":"SYNC_SERVER_OK", "context":{"environment":"Prod_southeastasia_prod-s01-064-apac-southeastasia", "migrationStage":"NotStarted", "server":"akswtt00600000j"}}
{"logTime": "0407/152958", "correlationVector":"uzmAUIlPNeDuRuYiyZR0+C.2","action":"ProcessGetUpdates", "result":"Done", "context":{"dataType":"History", "deleted":"0", "process_failed_to_decrypt":"0", "process_pending_decryption":"0", "process_success":"250", "total":"250"}}
{"logTime": "0407/152958", "correlationVector":"uzmAUIlPNeDuRuYiyZR0+C.3","action":"GetUpdates Response", "result":"Success", "context":Received 250 update(s). cV=uzmAUIlPNeDuRuYiyZR0+C.0;server=akswtt00600000j;cloudType=Consumer;environment=Prod_southeastasia_prod-s01-064-apac-southeastasia;migrationStage=NotStarted Some updates remain.}
{"logTime": "0407/152958", "correlationVector":"l2iIX+0wOqLKLYJ8Pf8x/w","action":"Initial GetUpdates", "result":"", "context":Reason: NEWLY_SUPPORTED_DATATYPE. cV=l2iIX+0wOqLKLYJ8Pf8x/w}
{"logTime": "0407/152959", "correlationVector":"l2iIX+0wOqLKLYJ8Pf8x/w.1","action":"SyncServerConnectionManagerRequest", "result":"SYNC_SERVER_OK", "context":{"environment":"Prod_southeastasia_prod-s01-064-apac-southeastasia", "migrationStage":"NotStarted", "server":"akswtt00600000j"}}
{"logTime": "0407/152959", "correlationVector":"l2iIX+0wOqLKLYJ8Pf8x/w.2","action":"ProcessGetUpdates", "result":"Done", "context":{"dataType":"History", "deleted":"0", "process_failed_to_decrypt":"0", "process_pending_decryption":"0", "process_success":"250", "total":"250"}}
{"logTime": "0407/152959", "correlationVector":"l2iIX+0wOqLKLYJ8Pf8x/w.3","action":"GetUpdates Response", "result":"Success", "context":Received 250 update(s). cV=l2iIX+0wOqLKLYJ8Pf8x/w.0;server=akswtt00600000j;cloudType=Consumer;environment=Prod_southeastasia_prod-s01-064-apac-southeastasia;migrationStage=NotStarted Some updates remain.}
{"logTime": "0407/152959", "correlationVector":"MZmfhxZGiJl6CJ0WkqlKbT","action":"Initial GetUpdates", "result":"", "context":Reason: NEWLY_SUPPORTED_DATATYPE. cV=MZmfhxZGiJl6CJ0WkqlKbT}
{"logTime": "0407/152959", "correlationVector":"MZmfhxZGiJl6CJ0WkqlKbT.1","action":"SyncServerConnectionManagerRequest", "result":"SYNC_SERVER_OK", "context":{"environment":"Prod_southeastasia_prod-s01-064-apac-southeastasia", "migrationStage":"NotStarted", "server":"akswtt006000022"}}
{"logTime": "0407/152959", "correlationVector":"MZmfhxZGiJl6CJ0WkqlKbT.2","action":"ProcessGetUpdates", "result":"Done", "context":{"dataType":"History", "deleted":"0", "process_failed_to_decrypt":"0", "process_pending_decryption":"0", "process_success":"250", "total":"250"}}
{"logTime": "0407/152959", "correlationVector":"MZmfhxZGiJl6CJ0WkqlKbT.3","action":"GetUpdates Response", "result":"Success", "context":Received 250 update(s). cV=MZmfhxZGiJl6CJ0WkqlKbT.0;server=akswtt006000022;cloudType=Consumer;environment=Prod_southeastasia_prod-s01-064-apac-southeastasia;migrationStage=NotStarted Some updates remain.}
{"logTime": "0407/152959", "correlationVector":"YdBb/sasT1Web47FhXADxu","action":"Initial GetUpdates", "result":"", "context":Reason: NEWLY_SUPPORTED_DATATYPE. cV=YdBb/sasT1Web47FhXADxu}
{"logTime": "0407/153000", "correlationVector":"YdBb/sasT1Web47FhXADxu.1","action":"SyncServerConnectionManagerRequest", "result":"SYNC_SERVER_OK", "context":{"environment":"Prod_southeastasia_prod-s01-064-apac-southeastasia", "migrationStage":"NotStarted", "server":"akswtt006000047"}}
{"logTime": "0407/153000", "correlationVector":"YdBb/sasT1Web47FhXADxu.2","action":"ProcessGetUpdates", "result":"Done", "context":{"dataType":"History", "deleted":"0", "process_failed_to_decrypt":"0", "process_pending_decryption":"0", "process_success":"250", "total":"250"}}
{"logTime": "0407/153000", "correlationVector":"YdBb/sasT1Web47FhXADxu.3","action":"GetUpdates Response", "result":"Success", "context":Received 250 update(s). cV=YdBb/sasT1Web47FhXADxu.0;server=akswtt006000047;cloudType=Consumer;environment=Prod_southeastasia_prod-s01-064-apac-southeastasia;migrationStage=NotStarted Some updates remain.}
{"logTime": "0407/153000", "correlationVector":"QW+iOvPHzszN4DTTTdAXMw","action":"Initial GetUpdates", "result":"", "context":Reason: NEWLY_SUPPORTED_DATATYPE. cV=QW+iOvPHzszN4DTTTdAXMw}
{"logTime": "0407/153000", "correlationVector":"QW+iOvPHzszN4DTTTdAXMw.1","action":"SyncServerConnectionManagerRequest", "result":"SYNC_SERVER_OK", "context":{"environment":"Prod_southeastasia_prod-s01-064-apac-southeastasia", "migrationStage":"NotStarted", "server":"akswtt00600000j"}}
{"logTime": "0407/153000", "correlationVector":"QW+iOvPHzszN4DTTTdAXMw.2","action":"ProcessGetUpdates", "result":"Done", "context":{"dataType":"History", "deleted":"0", "process_failed_to_decrypt":"0", "process_pending_decryption":"0", "process_success":"250", "total":"250"}}
{"logTime": "0407/153000", "correlationVector":"QW+iOvPHzszN4DTTTdAXMw.3","action":"GetUpdates Response", "result":"Success", "context":Received 250 update(s). cV=QW+iOvPHzszN4DTTTdAXMw.0;server=akswtt00600000j;cloudType=Consumer;environment=Prod_southeastasia_prod-s01-064-apac-southeastasia;migrationStage=NotStarted Some updates remain.}
{"logTime": "0407/153000", "correlationVector":"V4AVGMCxf0ZNl6fBG02Ox5","action":"Initial GetUpdates", "result":"", "context":Reason: NEWLY_SUPPORTED_DATATYPE. cV=V4AVGMCxf0ZNl6fBG02Ox5}
{"logTime": "0407/153000", "correlationVector":"V4AVGMCxf0ZNl6fBG02Ox5.1","action":"SyncServerConnectionManagerRequest", "result":"SYNC_SERVER_OK", "context":{"environment":"Prod_southeastasia_prod-s01-064-apac-southeastasia", "migrationStage":"NotStarted", "server":"akswtt00600001r"}}
{"logTime": "0407/153000", "correlationVector":"V4AVGMCxf0ZNl6fBG02Ox5.2","action":"ProcessGetUpdates", "result":"Done", "context":{"dataType":"History", "deleted":"0", "process_failed_to_decrypt":"0", "process_pending_decryption":"0", "process_success":"250", "total":"250"}}
{"logTime": "0407/153000", "correlationVector":"V4AVGMCxf0ZNl6fBG02Ox5.3","action":"GetUpdates Response", "result":"Success", "context":Received 250 update(s). cV=V4AVGMCxf0ZNl6fBG02Ox5.0;server=akswtt00600001r;cloudType=Consumer;environment=Prod_southeastasia_prod-s01-064-apac-southeastasia;migrationStage=NotStarted Some updates remain.}
{"logTime": "0407/153000", "correlationVector":"q9aDufgfqCSWMmNvMdj3Uj","action":"Initial GetUpdates", "result":"", "context":Reason: NEWLY_SUPPORTED_DATATYPE. cV=q9aDufgfqCSWMmNvMdj3Uj}
{"logTime": "0407/153001", "correlationVector":"q9aDufgfqCSWMmNvMdj3Uj.1","action":"SyncServerConnectionManagerRequest", "result":"SYNC_SERVER_OK", "context":{"environment":"Prod_southeastasia_prod-s01-064-apac-southeastasia", "migrationStage":"NotStarted", "server":"akswtt00600000i"}}
{"logTime": "0407/153001", "correlationVector":"q9aDufgfqCSWMmNvMdj3Uj.2","action":"ProcessGetUpdates", "result":"Done", "context":{"dataType":"History", "deleted":"0", "process_failed_to_decrypt":"0", "process_pending_decryption":"0", "process_success":"250", "total":"250"}}
{"logTime": "0407/153001", "correlationVector":"q9aDufgfqCSWMmNvMdj3Uj.3","action":"GetUpdates Response", "result":"Success", "context":Received 250 update(s). cV=q9aDufgfqCSWMmNvMdj3Uj.0;server=akswtt00600000i;cloudType=Consumer;environment=Prod_southeastasia_prod-s01-064-apac-southeastasia;migrationStage=NotStarted Some updates remain.}
{"logTime": "0407/153001", "correlationVector":"dEzBz2jeX4HgrTmxJ+JAAL","action":"Initial GetUpdates", "result":"", "context":Reason: NEWLY_SUPPORTED_DATATYPE. cV=dEzBz2jeX4HgrTmxJ+JAAL}
{"logTime": "0407/153001", "correlationVector":"dEzBz2jeX4HgrTmxJ+JAAL.1","action":"SyncServerConnectionManagerRequest", "result":"SYNC_SERVER_OK", "context":{"environment":"Prod_southeastasia_prod-s01-064-apac-southeastasia", "migrationStage":"NotStarted", "server":"akswtt006000022"}}
{"logTime": "0407/153001", "correlationVector":"dEzBz2jeX4HgrTmxJ+JAAL.2","action":"ProcessGetUpdates", "result":"Done", "context":{"dataType":"History", "deleted":"0", "process_failed_to_decrypt":"0", "process_pending_decryption":"0", "process_success":"250", "total":"250"}}
{"logTime": "0407/153001", "correlationVector":"dEzBz2jeX4HgrTmxJ+JAAL.3","action":"GetUpdates Response", "result":"Success", "context":Received 250 update(s). cV=dEzBz2jeX4HgrTmxJ+JAAL.0;server=akswtt006000022;cloudType=Consumer;environment=Prod_southeastasia_prod-s01-064-apac-southeastasia;migrationStage=NotStarted Some updates remain.}
{"logTime": "0407/153001", "correlationVector":"yfugtSY2g/KrmBsyrigu0k","action":"Initial GetUpdates", "result":"", "context":Reason: NEWLY_SUPPORTED_DATATYPE. cV=yfugtSY2g/KrmBsyrigu0k}
{"logTime": "0407/153001", "correlationVector":"yfugtSY2g/KrmBsyrigu0k.1","action":"SyncServerConnectionManagerRequest", "result":"SYNC_SERVER_OK", "context":{"environment":"Prod_southeastasia_prod-s01-064-apac-southeastasia", "migrationStage":"NotStarted", "server":"akswtt006000047"}}
{"logTime": "0407/153001", "correlationVector":"yfugtSY2g/KrmBsyrigu0k.2","action":"ProcessGetUpdates", "result":"Done", "context":{"dataType":"History", "deleted":"0", "process_failed_to_decrypt":"0", "process_pending_decryption":"0", "process_success":"211", "total":"211"}}
{"logTime": "0407/153001", "correlationVector":"yfugtSY2g/KrmBsyrigu0k.3","action":"GetUpdates Response", "result":"Success", "context":Received 211 update(s). cV=yfugtSY2g/KrmBsyrigu0k.0;server=akswtt006000047;cloudType=Consumer;environment=Prod_southeastasia_prod-s01-064-apac-southeastasia;migrationStage=NotStarted}
{"logTime": "0407/153001", "correlationVector":"+pRBauDq9KzcNS18NMFwKY","action":"Normal GetUpdate request", "result":"", "context":cV=+pRBauDq9KzcNS18NMFwKY
Nudged types: Preferences, Sessions, Device Info, User Consents, History, Edge Hub App Usage
Refresh requested types: Bookmarks, Preferences, Passwords, Autofill Profiles, Autofill, Extensions, Sessions, Extension settings, History Delete Directives, Device Info, User Consents, Send Tab To Self, Web Apps, History, Saved Tab Group, Collection, Edge E Drop, Edge Hub App Usage, Edge Tab Group, Edge Wallet, Encryption Keys}
{"logTime": "0407/153001", "correlationVector":"+pRBauDq9KzcNS18NMFwKY.1","action":"SyncServerConnectionManagerRequest", "result":"SYNC_SERVER_OK", "context":{"environment":"Prod_southeastasia_prod-s01-064-apac-southeastasia", "migrationStage":"NotStarted", "server":"akswtt006000021"}}
{"logTime": "0407/153001", "correlationVector":"+pRBauDq9KzcNS18NMFwKY.2","action":"ProcessGetUpdates", "result":"Done", "context":{"dataType":"Preferences", "deleted":"0", "process_failed_to_decrypt":"0", "process_pending_decryption":"0", "process_success":"7", "total":"7"}}
{"logTime": "0407/153001", "correlationVector":"+pRBauDq9KzcNS18NMFwKY.3","action":"ProcessGetUpdates", "result":"Done", "context":{"dataType":"Autofill Profiles", "deleted":"0", "process_failed_to_decrypt":"0", "process_pending_decryption":"0", "process_success":"1", "total":"1"}}
{"logTime": "0407/153001", "correlationVector":"+pRBauDq9KzcNS18NMFwKY.4","action":"ProcessGetUpdates", "result":"Done", "context":{"dataType":"Autofill", "deleted":"0", "process_failed_to_decrypt":"0", "process_pending_decryption":"0", "process_success":"7", "total":"7"}}
{"logTime": "0407/153001", "correlationVector":"+pRBauDq9KzcNS18NMFwKY.5","action":"ProcessGetUpdates", "result":"Done", "context":{"dataType":"Extensions", "deleted":"0", "process_failed_to_decrypt":"0", "process_pending_decryption":"0", "process_success":"3", "total":"3"}}
{"logTime": "0407/153001", "correlationVector":"+pRBauDq9KzcNS18NMFwKY.6","action":"ProcessGetUpdates", "result":"Done", "context":{"dataType":"Sessions", "deleted":"56", "process_failed_to_decrypt":"0", "process_pending_decryption":"0", "process_success":"63", "total":"63"}}
{"logTime": "0407/153001", "correlationVector":"+pRBauDq9KzcNS18NMFwKY.7","action":"ProcessGetUpdates", "result":"Done", "context":{"dataType":"Device Info", "deleted":"0", "process_failed_to_decrypt":"0", "process_pending_decryption":"0", "process_success":"2", "total":"2"}}
{"logTime": "0407/153001", "correlationVector":"+pRBauDq9KzcNS18NMFwKY.8","action":"ProcessGetUpdates", "result":"Done", "context":{"dataType":"Edge Hub App Usage", "deleted":"0", "process_failed_to_decrypt":"0", "process_pending_decryption":"0", "process_success":"1", "total":"1"}}
{"logTime": "0407/153001", "correlationVector":"+pRBauDq9KzcNS18NMFwKY.9","action":"GetUpdates Response", "result":"Success", "context":Received 84 update(s). cV=+pRBauDq9KzcNS18NMFwKY.0;server=akswtt006000021;cloudType=Consumer;environment=Prod_southeastasia_prod-s01-064-apac-southeastasia;migrationStage=NotStarted}
{"logTime": "0407/155051", "correlationVector":"SnS3T54c7RYB078QwK3Lka.1","action":"SyncServerConnectionManagerRequest", "result":"SYNC_SERVER_OK", "context":{"environment":"Prod_southeastasia_prod-s01-065-apac-southeastasia", "migrationStage":"NotStarted", "server":"akswtt00600004h"}}
{"logTime": "0407/155051", "correlationVector":"SnS3T54c7RYB078QwK3Lka.2","action":"ProcessGetUpdates", "result":"Done", "context":{"dataType":"Encryption Keys", "deleted":"0", "process_failed_to_decrypt":"0", "process_pending_decryption":"0", "process_success":"1", "total":"1"}}
{"logTime": "0407/155051", "correlationVector":"p8+CGdeTkcL+bsQF+iw/sg","action":"SyncServerConnectionManagerRequest", "result":"SYNC_SERVER_OK", "context":{"environment":"", "migrationStage":"", "server":""}}
{"logTime": "0407/155051", "correlationVector":"p8+CGdeTkcL+bsQF+iw/sg.0","action":"EncryptionKeysFetcher.DownloadKeys:", "result":"Success", "context":Key count: 5, Last key timestamp: 2024-10-17T09:10:56Z}
{"logTime": "0407/155051", "correlationVector":"p8+CGdeTkcL+bsQF+iw/sg.1","action":"EncryptionKeysManager::SetEncryptionKeys:", "result":"Success", "context":Key names[5]:[pwMnIkf1fujLqJcquwYsGwGSf9oazDKw9ChTYLq1wviUhuf0rO7GUEWCWTzNA01Rb8sTkoSHpYQU5Bs1spfGyw==][/8gLJz1luq01RHQSUxmRloxqKlqaTB3+0MV/3d1BYRuDDycV6/5sRKkzlrRWf5tFBe8qWPswcIZlHXCuC/y0YQ==][qV7oV2uSLDI8w53UFfB0Du8yxX4V/Q2hJNSg8rCJzOXPvWrjxz4vTbkdWguOruNZrhKT//jj4wIZQKoe1H8HaA==][QylENRztLySmfsktetyBNSIX944kugeGtC4FoKMsFwCL2iDsBdCvBFW6SWVzRawOQ+cVGGnDxqQF9v747715mQ==][dXVkBr2BZhoGLex8C3s8XmkX2TyO0ZIhGTLmlmHCbrW7sfycGFYYulGdE3XbaqIILHNckxnp+AnTMSKGzlssBg==]}
{"logTime": "0407/155051", "correlationVector":"p8+CGdeTkcL+bsQF+iw/sg.2","action":"EncryptionKeysManager::SetEncryptionKeysWithTimestamps:", "result":"Success", "context":Key timestamps[5]:[2024-02-05T06:56:51Z][2024-04-21T19:44:09Z][2024-07-04T10:54:06Z][2024-09-30T17:25:33Z][2024-10-17T09:10:56Z]}
{"logTime": "0407/155051", "correlationVector":"SnS3T54c7RYB078QwK3Lka","action":"Initial GetUpdates", "result":"", "context":Reason: NEW_CLIENT. cV=SnS3T54c7RYB078QwK3Lka}
{"logTime": "0407/155051", "correlationVector":"SnS3T54c7RYB078QwK3Lka.3","action":"GetUpdates Response", "result":"Success", "context":Received 1 update(s). cV=SnS3T54c7RYB078QwK3Lka.0;server=akswtt00600004h;cloudType=Consumer;environment=Prod_southeastasia_prod-s01-065-apac-southeastasia;migrationStage=NotStarted}
{"logTime": "0407/155051", "correlationVector":"SsF5PKp8OkXq9fefk5gqJH","action":"Initial GetUpdates", "result":"", "context":Reason: NEWLY_SUPPORTED_DATATYPE. cV=SsF5PKp8OkXq9fefk5gqJH}
{"logTime": "0407/155051", "correlationVector":"SsF5PKp8OkXq9fefk5gqJH.1","action":"SyncServerConnectionManagerRequest", "result":"SYNC_SERVER_OK", "context":{"environment":"Prod_southeastasia_prod-s01-064-apac-southeastasia", "migrationStage":"NotStarted", "server":"akswtt00600002t"}}
{"logTime": "0407/155051", "correlationVector":"SsF5PKp8OkXq9fefk5gqJH.2","action":"ProcessGetUpdates", "result":"Done", "context":{"dataType":"Passwords", "deleted":"9", "process_failed_to_decrypt":"0", "process_pending_decryption":"0", "process_success":"84", "total":"84"}}
{"logTime": "0407/155051", "correlationVector":"SsF5PKp8OkXq9fefk5gqJH.3","action":"GetUpdates Response", "result":"Success", "context":Received 84 update(s). cV=SsF5PKp8OkXq9fefk5gqJH.0;server=akswtt00600002t;cloudType=Consumer;environment=Prod_southeastasia_prod-s01-064-apac-southeastasia;migrationStage=NotStarted}
{"logTime": "0407/155051", "correlationVector":"I5iZZlrDjK8aZc1xs3lQ4W","action":"Normal GetUpdate request", "result":"", "context":cV=I5iZZlrDjK8aZc1xs3lQ4W
Nudged types: Sessions, Device Info, User Consents, History
Refresh requested types: Bookmarks, Preferences, Passwords, Autofill Profiles, Autofill, Extensions, Sessions, Extension settings, History Delete Directives, Device Info, User Consents, Send Tab To Self, Web Apps, History, Saved Tab Group, Collection, Edge E Drop, Edge Hub App Usage, Edge Tab Group, Edge Wallet, Encryption Keys}
{"logTime": "0407/155051", "correlationVector":"I5iZZlrDjK8aZc1xs3lQ4W.1","action":"SyncServerConnectionManagerRequest", "result":"SYNC_SERVER_OK", "context":{"environment":"Prod_southeastasia_prod-s01-064-apac-southeastasia", "migrationStage":"NotStarted", "server":"akswtt00600000s"}}
{"logTime": "0407/155051", "correlationVector":"I5iZZlrDjK8aZc1xs3lQ4W.2","action":"ProcessGetUpdates", "result":"Done", "context":{"dataType":"Sessions", "deleted":"2", "process_failed_to_decrypt":"0", "process_pending_decryption":"0", "process_success":"6", "total":"6"}}
{"logTime": "0407/155051", "correlationVector":"I5iZZlrDjK8aZc1xs3lQ4W.3","action":"ProcessGetUpdates", "result":"Done", "context":{"dataType":"Device Info", "deleted":"0", "process_failed_to_decrypt":"0", "process_pending_decryption":"0", "process_success":"1", "total":"1"}}
{"logTime": "0407/155051", "correlationVector":"I5iZZlrDjK8aZc1xs3lQ4W.4","action":"ProcessGetUpdates", "result":"Done", "context":{"dataType":"History", "deleted":"0", "process_failed_to_decrypt":"0", "process_pending_decryption":"0", "process_success":"31", "total":"31"}}
{"logTime": "0407/155051", "correlationVector":"I5iZZlrDjK8aZc1xs3lQ4W.5","action":"GetUpdates Response", "result":"Success", "context":Received 38 update(s). cV=I5iZZlrDjK8aZc1xs3lQ4W.0;server=akswtt00600000s;cloudType=Consumer;environment=Prod_southeastasia_prod-s01-064-apac-southeastasia;migrationStage=NotStarted}
{"logTime": "0407/155052", "correlationVector":"O4+bb+ihbOW530sCuRoLeL","action":"Commit Request", "result":"", "context":Item count: 19
Contributing types: Sessions, Device Info, User Consents, History}
{"logTime": "0407/155053", "correlationVector":"O4+bb+ihbOW530sCuRoLeL.1","action":"SyncServerConnectionManagerRequest", "result":"SYNC_SERVER_OK", "context":{"environment":"Prod_southeastasia_prod-s01-064-apac-southeastasia", "migrationStage":"NotStarted", "server":"akswtt00600003g"}}
{"logTime": "0407/155053", "correlationVector":"O4+bb+ihbOW530sCuRoLeL.2","action":"Commit Response", "result":"Success", "context":Result: Success. cV=O4+bb+ihbOW530sCuRoLeL.0;server=akswtt00600003g;cloudType=Consumer;environment=Prod_southeastasia_prod-s01-064-apac-southeastasia;migrationStage=NotStarted}
{"logTime": "0407/155053", "correlationVector":"O4+bb+ihbOW530sCuRoLeL.3","action":"Commit.Sessions", "result":"Success", "context":{"id":"97605a3b-901b-4a6a-bc3b-5a0cf4592947", "isDeleted":"true", "size":"0", "version":"1744038105993"}}
{"logTime": "0407/155056", "correlationVector":"b7Cx0OV+R9TN69Io6u/jpS","action":"Commit Request", "result":"", "context":Item count: 5
Contributing types: Preferences, Sessions, History}
{"logTime": "0407/155057", "correlationVector":"b7Cx0OV+R9TN69Io6u/jpS.1","action":"SyncServerConnectionManagerRequest", "result":"SYNC_SERVER_OK", "context":{"environment":"Prod_southeastasia_prod-s01-065-apac-southeastasia", "migrationStage":"NotStarted", "server":"akswtt00600000z"}}
{"logTime": "0407/155057", "correlationVector":"b7Cx0OV+R9TN69Io6u/jpS.2","action":"Commit Response", "result":"Success", "context":Result: Success. cV=b7Cx0OV+R9TN69Io6u/jpS.0;server=akswtt00600000z;cloudType=Consumer;environment=Prod_southeastasia_prod-s01-065-apac-southeastasia;migrationStage=NotStarted}
{"logTime": "0407/160008", "correlationVector":"6+G5cjTc/SLwyjSuEiOGon.1","action":"SyncServerConnectionManagerRequest", "result":"SYNC_SERVER_OK", "context":{"environment":"Prod_southeastasia_prod-s01-064-apac-southeastasia", "migrationStage":"NotStarted", "server":"akswtt00600002x"}}
{"logTime": "0407/160008", "correlationVector":"6+G5cjTc/SLwyjSuEiOGon.2","action":"ProcessGetUpdates", "result":"Done", "context":{"dataType":"Encryption Keys", "deleted":"0", "process_failed_to_decrypt":"0", "process_pending_decryption":"0", "process_success":"1", "total":"1"}}
{"logTime": "0407/160009", "correlationVector":"gxRYIsG9TGku1psImB4yNI","action":"SyncServerConnectionManagerRequest", "result":"SYNC_SERVER_OK", "context":{"environment":"", "migrationStage":"", "server":""}}
{"logTime": "0407/160009", "correlationVector":"gxRYIsG9TGku1psImB4yNI.0","action":"EncryptionKeysFetcher.DownloadKeys:", "result":"Success", "context":Key count: 5, Last key timestamp: 2024-10-17T09:10:56Z}
{"logTime": "0407/160009", "correlationVector":"gxRYIsG9TGku1psImB4yNI.1","action":"EncryptionKeysManager::SetEncryptionKeys:", "result":"Success", "context":Key names[5]:[pwMnIkf1fujLqJcquwYsGwGSf9oazDKw9ChTYLq1wviUhuf0rO7GUEWCWTzNA01Rb8sTkoSHpYQU5Bs1spfGyw==][/8gLJz1luq01RHQSUxmRloxqKlqaTB3+0MV/3d1BYRuDDycV6/5sRKkzlrRWf5tFBe8qWPswcIZlHXCuC/y0YQ==][qV7oV2uSLDI8w53UFfB0Du8yxX4V/Q2hJNSg8rCJzOXPvWrjxz4vTbkdWguOruNZrhKT//jj4wIZQKoe1H8HaA==][QylENRztLySmfsktetyBNSIX944kugeGtC4FoKMsFwCL2iDsBdCvBFW6SWVzRawOQ+cVGGnDxqQF9v747715mQ==][dXVkBr2BZhoGLex8C3s8XmkX2TyO0ZIhGTLmlmHCbrW7sfycGFYYulGdE3XbaqIILHNckxnp+AnTMSKGzlssBg==]}
{"logTime": "0407/160009", "correlationVector":"gxRYIsG9TGku1psImB4yNI.2","action":"EncryptionKeysManager::SetEncryptionKeysWithTimestamps:", "result":"Success", "context":Key timestamps[5]:[2024-02-05T06:56:51Z][2024-04-21T19:44:09Z][2024-07-04T10:54:06Z][2024-09-30T17:25:33Z][2024-10-17T09:10:56Z]}
{"logTime": "0407/160009", "correlationVector":"6+G5cjTc/SLwyjSuEiOGon","action":"Initial GetUpdates", "result":"", "context":Reason: NEW_CLIENT. cV=6+G5cjTc/SLwyjSuEiOGon}
{"logTime": "0407/160009", "correlationVector":"6+G5cjTc/SLwyjSuEiOGon.3","action":"GetUpdates Response", "result":"Success", "context":Received 1 update(s). cV=6+G5cjTc/SLwyjSuEiOGon.0;server=akswtt00600002x;cloudType=Consumer;environment=Prod_southeastasia_prod-s01-064-apac-southeastasia;migrationStage=NotStarted}
{"logTime": "0407/160009", "correlationVector":"4D/g3KFCeLccjY0UsRpkuq","action":"Initial GetUpdates", "result":"", "context":Reason: NEWLY_SUPPORTED_DATATYPE. cV=4D/g3KFCeLccjY0UsRpkuq}
{"logTime": "0407/160010", "correlationVector":"4D/g3KFCeLccjY0UsRpkuq.1","action":"SyncServerConnectionManagerRequest", "result":"SYNC_SERVER_OK", "context":{"environment":"Prod_southeastasia_prod-s01-064-apac-southeastasia", "migrationStage":"NotStarted", "server":"akswtt00600002y"}}
{"logTime": "0407/160010", "correlationVector":"4D/g3KFCeLccjY0UsRpkuq.2","action":"ProcessGetUpdates", "result":"Done", "context":{"dataType":"Passwords", "deleted":"9", "process_failed_to_decrypt":"0", "process_pending_decryption":"0", "process_success":"84", "total":"84"}}
{"logTime": "0407/160010", "correlationVector":"4D/g3KFCeLccjY0UsRpkuq.3","action":"GetUpdates Response", "result":"Success", "context":Received 84 update(s). cV=4D/g3KFCeLccjY0UsRpkuq.0;server=akswtt00600002y;cloudType=Consumer;environment=Prod_southeastasia_prod-s01-064-apac-southeastasia;migrationStage=NotStarted}
{"logTime": "0407/160010", "correlationVector":"pCjSLLvmljsbBitGpXnV4X","action":"Normal GetUpdate request", "result":"", "context":cV=pCjSLLvmljsbBitGpXnV4X
Nudged types: Sessions, History
Refresh requested types: Bookmarks, Preferences, Passwords, Autofill Profiles, Autofill, Extensions, Sessions, Extension settings, History Delete Directives, Device Info, User Consents, Send Tab To Self, Web Apps, History, Saved Tab Group, Collection, Edge E Drop, Edge Hub App Usage, Edge Tab Group, Edge Wallet, Encryption Keys}
{"logTime": "0407/160010", "correlationVector":"pCjSLLvmljsbBitGpXnV4X.1","action":"SyncServerConnectionManagerRequest", "result":"SYNC_SERVER_OK", "context":{"environment":"Prod_southeastasia_prod-s01-064-apac-southeastasia", "migrationStage":"NotStarted", "server":"akswtt00600003o"}}
{"logTime": "0407/160010", "correlationVector":"pCjSLLvmljsbBitGpXnV4X.2","action":"ProcessGetUpdates", "result":"Done", "context":{"dataType":"Preferences", "deleted":"0", "process_failed_to_decrypt":"0", "process_pending_decryption":"0", "process_success":"1", "total":"1"}}
{"logTime": "0407/160010", "correlationVector":"pCjSLLvmljsbBitGpXnV4X.3","action":"ProcessGetUpdates", "result":"Done", "context":{"dataType":"Sessions", "deleted":"2", "process_failed_to_decrypt":"0", "process_pending_decryption":"0", "process_success":"7", "total":"7"}}
{"logTime": "0407/160010", "correlationVector":"pCjSLLvmljsbBitGpXnV4X.4","action":"ProcessGetUpdates", "result":"Done", "context":{"dataType":"Device Info", "deleted":"0", "process_failed_to_decrypt":"0", "process_pending_decryption":"0", "process_success":"2", "total":"2"}}
{"logTime": "0407/160010", "correlationVector":"pCjSLLvmljsbBitGpXnV4X.5","action":"ProcessGetUpdates", "result":"Done", "context":{"dataType":"History", "deleted":"0", "process_failed_to_decrypt":"0", "process_pending_decryption":"0", "process_success":"53", "total":"53"}}
{"logTime": "0407/160010", "correlationVector":"pCjSLLvmljsbBitGpXnV4X.6","action":"GetUpdates Response", "result":"Success", "context":Received 63 update(s). cV=pCjSLLvmljsbBitGpXnV4X.0;server=akswtt00600003o;cloudType=Consumer;environment=Prod_southeastasia_prod-s01-064-apac-southeastasia;migrationStage=NotStarted}
{"logTime": "0407/160010", "correlationVector":"EbGQb4grzGfJKCGJg3C5Hh","action":"Commit Request", "result":"", "context":Item count: 2
Contributing types: Sessions, History}
{"logTime": "0407/160011", "correlationVector":"EbGQb4grzGfJKCGJg3C5Hh.1","action":"SyncServerConnectionManagerRequest", "result":"SYNC_SERVER_OK", "context":{"environment":"Prod_southeastasia_prod-s01-064-apac-southeastasia", "migrationStage":"NotStarted", "server":"akswtt00600002x"}}
{"logTime": "0407/160011", "correlationVector":"EbGQb4grzGfJKCGJg3C5Hh.2","action":"Commit Response", "result":"Success", "context":Result: Success. cV=EbGQb4grzGfJKCGJg3C5Hh.0;server=akswtt00600002x;cloudType=Consumer;environment=Prod_southeastasia_prod-s01-064-apac-southeastasia;migrationStage=NotStarted}
{"logTime": "0407/160015", "correlationVector":"cpNjyuefeb1RJEBF9CAe05","action":"Commit Request", "result":"", "context":Item count: 6
Contributing types: Preferences, Sessions, History}
{"logTime": "0407/160016", "correlationVector":"cpNjyuefeb1RJEBF9CAe05.1","action":"SyncServerConnectionManagerRequest", "result":"SYNC_SERVER_OK", "context":{"environment":"Prod_southeastasia_prod-s01-065-apac-southeastasia", "migrationStage":"NotStarted", "server":"akswtt00600002x"}}
{"logTime": "0407/160016", "correlationVector":"cpNjyuefeb1RJEBF9CAe05.2","action":"Commit Response", "result":"Success", "context":Result: Success. cV=cpNjyuefeb1RJEBF9CAe05.0;server=akswtt00600002x;cloudType=Consumer;environment=Prod_southeastasia_prod-s01-065-apac-southeastasia;migrationStage=NotStarted}
{"logTime": "0407/160016", "correlationVector":"cpNjyuefeb1RJEBF9CAe05.3","action":"Commit.Sessions", "result":"Success", "context":{"id":"8699eb22-97ef-46cf-a300-a0bc6f39d289", "isDeleted":"true", "size":"0", "version":"1744041610619"}}
{"logTime": "0407/160125", "correlationVector":"di9kazFx4/OmQOc3ndBI5L","action":"Commit Request", "result":"", "context":Item count: 5
Contributing types: Sessions, History}
{"logTime": "0407/160125", "correlationVector":"di9kazFx4/OmQOc3ndBI5L.1","action":"SyncServerConnectionManagerRequest", "result":"SYNC_SERVER_OK", "context":{"environment":"Prod_southeastasia_prod-s01-065-apac-southeastasia", "migrationStage":"NotStarted", "server":"akswtt00600002i"}}
{"logTime": "0407/160125", "correlationVector":"di9kazFx4/OmQOc3ndBI5L.2","action":"Commit Response", "result":"Success", "context":Result: Success. cV=di9kazFx4/OmQOc3ndBI5L.0;server=akswtt00600002i;cloudType=Consumer;environment=Prod_southeastasia_prod-s01-065-apac-southeastasia;migrationStage=NotStarted}
{"logTime": "0407/160227", "correlationVector":"LPWns3Be1BdH3mTOiJ+CPH","action":"Normal GetUpdate request", "result":"", "context":cV=LPWns3Be1BdH3mTOiJ+CPH
Nudged types: Sessions, History
Notified types: History}
{"logTime": "0407/160228", "correlationVector":"LPWns3Be1BdH3mTOiJ+CPH.1","action":"SyncServerConnectionManagerRequest", "result":"SYNC_SERVER_OK", "context":{"environment":"Prod_southeastasia_prod-s01-065-apac-southeastasia", "migrationStage":"NotStarted", "server":"akswtt00600001r"}}
{"logTime": "0407/160228", "correlationVector":"LPWns3Be1BdH3mTOiJ+CPH.2","action":"ProcessGetUpdates", "result":"Done", "context":{"dataType":"Preferences", "deleted":"0", "process_failed_to_decrypt":"0", "process_pending_decryption":"0", "process_success":"1", "total":"1"}}
{"logTime": "0407/160228", "correlationVector":"LPWns3Be1BdH3mTOiJ+CPH.3","action":"ProcessGetUpdates", "result":"Done", "context":{"dataType":"Sessions", "deleted":"1", "process_failed_to_decrypt":"0", "process_pending_decryption":"0", "process_success":"6", "total":"6"}}
{"logTime": "0407/160228", "correlationVector":"LPWns3Be1BdH3mTOiJ+CPH.4","action":"ProcessGetUpdates", "result":"Done", "context":{"dataType":"History", "deleted":"0", "process_failed_to_decrypt":"0", "process_pending_decryption":"0", "process_success":"7", "total":"7"}}
{"logTime": "0407/160228", "correlationVector":"LPWns3Be1BdH3mTOiJ+CPH.5","action":"GetUpdates Response", "result":"Success", "context":Received 14 update(s). cV=LPWns3Be1BdH3mTOiJ+CPH.0;server=akswtt00600001r;cloudType=Consumer;environment=Prod_southeastasia_prod-s01-065-apac-southeastasia;migrationStage=NotStarted}
{"logTime": "0407/160228", "correlationVector":"GpbNSy4QD0ia0UoYZ/NL57","action":"Commit Request", "result":"", "context":Item count: 12
Contributing types: Sessions, History}
{"logTime": "0407/160228", "correlationVector":"GpbNSy4QD0ia0UoYZ/NL57.1","action":"SyncServerConnectionManagerRequest", "result":"SYNC_SERVER_OK", "context":{"environment":"Prod_southeastasia_prod-s01-065-apac-southeastasia", "migrationStage":"NotStarted", "server":"akswtt006000025"}}
{"logTime": "0407/160228", "correlationVector":"GpbNSy4QD0ia0UoYZ/NL57.2","action":"Commit Response", "result":"Success", "context":Result: Success. cV=GpbNSy4QD0ia0UoYZ/NL57.0;server=akswtt006000025;cloudType=Consumer;environment=Prod_southeastasia_prod-s01-065-apac-southeastasia;migrationStage=NotStarted}
{"logTime": "0407/160527", "correlationVector":"wxTAB88FZO5EafIukLtvU0.1","action":"SyncServerConnectionManagerRequest", "result":"SYNC_SERVER_OK", "context":{"environment":"Prod_southeastasia_prod-s01-064-apac-southeastasia", "migrationStage":"NotStarted", "server":"akswtt00600000y"}}
{"logTime": "0407/160527", "correlationVector":"wxTAB88FZO5EafIukLtvU0.2","action":"ProcessGetUpdates", "result":"Done", "context":{"dataType":"Encryption Keys", "deleted":"0", "process_failed_to_decrypt":"0", "process_pending_decryption":"0", "process_success":"1", "total":"1"}}
{"logTime": "0407/160527", "correlationVector":"edxZ8M/BUb5dN5DMB+X2Ig","action":"SyncServerConnectionManagerRequest", "result":"SYNC_SERVER_OK", "context":{"environment":"", "migrationStage":"", "server":""}}
{"logTime": "0407/160527", "correlationVector":"edxZ8M/BUb5dN5DMB+X2Ig.0","action":"EncryptionKeysFetcher.DownloadKeys:", "result":"Success", "context":Key count: 5, Last key timestamp: 2024-10-17T09:10:56Z}
{"logTime": "0407/160527", "correlationVector":"edxZ8M/BUb5dN5DMB+X2Ig.1","action":"EncryptionKeysManager::SetEncryptionKeys:", "result":"Success", "context":Key names[5]:[pwMnIkf1fujLqJcquwYsGwGSf9oazDKw9ChTYLq1wviUhuf0rO7GUEWCWTzNA01Rb8sTkoSHpYQU5Bs1spfGyw==][/8gLJz1luq01RHQSUxmRloxqKlqaTB3+0MV/3d1BYRuDDycV6/5sRKkzlrRWf5tFBe8qWPswcIZlHXCuC/y0YQ==][qV7oV2uSLDI8w53UFfB0Du8yxX4V/Q2hJNSg8rCJzOXPvWrjxz4vTbkdWguOruNZrhKT//jj4wIZQKoe1H8HaA==][QylENRztLySmfsktetyBNSIX944kugeGtC4FoKMsFwCL2iDsBdCvBFW6SWVzRawOQ+cVGGnDxqQF9v747715mQ==][dXVkBr2BZhoGLex8C3s8XmkX2TyO0ZIhGTLmlmHCbrW7sfycGFYYulGdE3XbaqIILHNckxnp+AnTMSKGzlssBg==]}
{"logTime": "0407/160527", "correlationVector":"edxZ8M/BUb5dN5DMB+X2Ig.2","action":"EncryptionKeysManager::SetEncryptionKeysWithTimestamps:", "result":"Success", "context":Key timestamps[5]:[2024-02-05T06:56:51Z][2024-04-21T19:44:09Z][2024-07-04T10:54:06Z][2024-09-30T17:25:33Z][2024-10-17T09:10:56Z]}
{"logTime": "0407/160527", "correlationVector":"wxTAB88FZO5EafIukLtvU0","action":"Initial GetUpdates", "result":"", "context":Reason: NEW_CLIENT. cV=wxTAB88FZO5EafIukLtvU0}
{"logTime": "0407/160527", "correlationVector":"wxTAB88FZO5EafIukLtvU0.3","action":"GetUpdates Response", "result":"Success", "context":Received 1 update(s). cV=wxTAB88FZO5EafIukLtvU0.0;server=akswtt00600000y;cloudType=Consumer;environment=Prod_southeastasia_prod-s01-064-apac-southeastasia;migrationStage=NotStarted}
{"logTime": "0407/160527", "correlationVector":"APx/T6WBTlh3GNt5S4XqJA","action":"Initial GetUpdates", "result":"", "context":Reason: NEWLY_SUPPORTED_DATATYPE. cV=APx/T6WBTlh3GNt5S4XqJA}
{"logTime": "0407/160528", "correlationVector":"APx/T6WBTlh3GNt5S4XqJA.1","action":"SyncServerConnectionManagerRequest", "result":"SYNC_SERVER_OK", "context":{"environment":"Prod_southeastasia_prod-s01-064-apac-southeastasia", "migrationStage":"NotStarted", "server":"akswtt00600002s"}}
{"logTime": "0407/160528", "correlationVector":"APx/T6WBTlh3GNt5S4XqJA.2","action":"ProcessGetUpdates", "result":"Done", "context":{"dataType":"Passwords", "deleted":"9", "process_failed_to_decrypt":"0", "process_pending_decryption":"0", "process_success":"84", "total":"84"}}
{"logTime": "0407/160528", "correlationVector":"APx/T6WBTlh3GNt5S4XqJA.3","action":"GetUpdates Response", "result":"Success", "context":Received 84 update(s). cV=APx/T6WBTlh3GNt5S4XqJA.0;server=akswtt00600002s;cloudType=Consumer;environment=Prod_southeastasia_prod-s01-064-apac-southeastasia;migrationStage=NotStarted}
{"logTime": "0407/160528", "correlationVector":"DYeBY1+MABewYYc+xDKvIP","action":"Normal GetUpdate request", "result":"", "context":cV=DYeBY1+MABewYYc+xDKvIP
Nudged types: Sessions, History
Refresh requested types: Bookmarks, Preferences, Passwords, Autofill Profiles, Autofill, Extensions, Sessions, Extension settings, History Delete Directives, Device Info, User Consents, Send Tab To Self, Web Apps, History, Saved Tab Group, Collection, Edge E Drop, Edge Hub App Usage, Edge Tab Group, Edge Wallet, Encryption Keys}
{"logTime": "0407/160528", "correlationVector":"DYeBY1+MABewYYc+xDKvIP.1","action":"SyncServerConnectionManagerRequest", "result":"SYNC_SERVER_OK", "context":{"environment":"Prod_southeastasia_prod-s01-064-apac-southeastasia", "migrationStage":"NotStarted", "server":"akswtt00600002n"}}
{"logTime": "0407/160528", "correlationVector":"DYeBY1+MABewYYc+xDKvIP.2","action":"ProcessGetUpdates", "result":"Done", "context":{"dataType":"Sessions", "deleted":"0", "process_failed_to_decrypt":"0", "process_pending_decryption":"0", "process_success":"2", "total":"2"}}
{"logTime": "0407/160528", "correlationVector":"DYeBY1+MABewYYc+xDKvIP.3","action":"ProcessGetUpdates", "result":"Done", "context":{"dataType":"Device Info", "deleted":"0", "process_failed_to_decrypt":"0", "process_pending_decryption":"0", "process_success":"1", "total":"1"}}
{"logTime": "0407/160528", "correlationVector":"DYeBY1+MABewYYc+xDKvIP.4","action":"ProcessGetUpdates", "result":"Done", "context":{"dataType":"History", "deleted":"0", "process_failed_to_decrypt":"0", "process_pending_decryption":"0", "process_success":"22", "total":"22"}}
{"logTime": "0407/160528", "correlationVector":"DYeBY1+MABewYYc+xDKvIP.5","action":"GetUpdates Response", "result":"Success", "context":Received 25 update(s). cV=DYeBY1+MABewYYc+xDKvIP.0;server=akswtt00600002n;cloudType=Consumer;environment=Prod_southeastasia_prod-s01-064-apac-southeastasia;migrationStage=NotStarted}
{"logTime": "0407/160528", "correlationVector":"DUxHEhXtgt/R8eodJ+8Ikw","action":"Commit Request", "result":"", "context":Item count: 6
Contributing types: Sessions, History}
{"logTime": "0407/160528", "correlationVector":"DUxHEhXtgt/R8eodJ+8Ikw.1","action":"SyncServerConnectionManagerRequest", "result":"SYNC_SERVER_OK", "context":{"environment":"Prod_southeastasia_prod-s01-064-apac-southeastasia", "migrationStage":"NotStarted", "server":"akswtt00600002s"}}
{"logTime": "0407/160528", "correlationVector":"DUxHEhXtgt/R8eodJ+8Ikw.2","action":"Commit Response", "result":"Success", "context":Result: Success. cV=DUxHEhXtgt/R8eodJ+8Ikw.0;server=akswtt00600002s;cloudType=Consumer;environment=Prod_southeastasia_prod-s01-064-apac-southeastasia;migrationStage=NotStarted}
{"logTime": "0407/160533", "correlationVector":"uLCXaplTf84QDm+HBu64a5","action":"Commit Request", "result":"", "context":Item count: 6
Contributing types: Preferences, Sessions, History}
{"logTime": "0407/160534", "correlationVector":"uLCXaplTf84QDm+HBu64a5.1","action":"SyncServerConnectionManagerRequest", "result":"SYNC_SERVER_OK", "context":{"environment":"Prod_southeastasia_prod-s01-064-apac-southeastasia", "migrationStage":"NotStarted", "server":"akswtt006000003"}}
{"logTime": "0407/160534", "correlationVector":"uLCXaplTf84QDm+HBu64a5.3","action":"Commit.Sessions", "result":"Success", "context":{"id":"4e941ee8-d754-4305-8ded-c7b9ae84e358", "isDeleted":"true", "size":"0", "version":"1744041928078"}}
{"logTime": "0407/160534", "correlationVector":"uLCXaplTf84QDm+HBu64a5.2","action":"Commit Response", "result":"Success", "context":Result: Success. cV=uLCXaplTf84QDm+HBu64a5.0;server=akswtt006000003;cloudType=Consumer;environment=Prod_southeastasia_prod-s01-064-apac-southeastasia;migrationStage=NotStarted}
{"logTime": "0407/160534", "correlationVector":"63ewPgPdhH0dDSKMC1Cozk","action":"Normal GetUpdate request", "result":"", "context":cV=63ewPgPdhH0dDSKMC1Cozk
Notified types: Device Info}
{"logTime": "0407/160534", "correlationVector":"63ewPgPdhH0dDSKMC1Cozk.1","action":"SyncServerConnectionManagerRequest", "result":"SYNC_SERVER_OK", "context":{"environment":"Prod_southeastasia_prod-s01-064-apac-southeastasia", "migrationStage":"NotStarted", "server":"akswtt00600002p"}}
{"logTime": "0407/160534", "correlationVector":"63ewPgPdhH0dDSKMC1Cozk.2","action":"ProcessGetUpdates", "result":"Done", "context":{"dataType":"Preferences", "deleted":"0", "process_failed_to_decrypt":"0", "process_pending_decryption":"0", "process_success":"1", "total":"1"}}
{"logTime": "0407/160534", "correlationVector":"63ewPgPdhH0dDSKMC1Cozk.3","action":"ProcessGetUpdates", "result":"Done", "context":{"dataType":"Sessions", "deleted":"1", "process_failed_to_decrypt":"0", "process_pending_decryption":"0", "process_success":"4", "total":"4"}}
{"logTime": "0407/160534", "correlationVector":"63ewPgPdhH0dDSKMC1Cozk.4","action":"ProcessGetUpdates", "result":"Done", "context":{"dataType":"Device Info", "deleted":"0", "process_failed_to_decrypt":"0", "process_pending_decryption":"0", "process_success":"1", "total":"1"}}
{"logTime": "0407/160534", "correlationVector":"63ewPgPdhH0dDSKMC1Cozk.5","action":"ProcessGetUpdates", "result":"Done", "context":{"dataType":"History", "deleted":"0", "process_failed_to_decrypt":"0", "process_pending_decryption":"0", "process_success":"6", "total":"6"}}
{"logTime": "0407/160534", "correlationVector":"63ewPgPdhH0dDSKMC1Cozk.6","action":"GetUpdates Response", "result":"Success", "context":Received 12 update(s). cV=63ewPgPdhH0dDSKMC1Cozk.0;server=akswtt00600002p;cloudType=Consumer;environment=Prod_southeastasia_prod-s01-064-apac-southeastasia;migrationStage=NotStarted}
{"logTime": "0407/160643", "correlationVector":"MTQPzsJTS6wEiKS3SG9OlH","action":"Commit Request", "result":"", "context":Item count: 12
Contributing types: Sessions, History}
{"logTime": "0407/160644", "correlationVector":"MTQPzsJTS6wEiKS3SG9OlH.1","action":"SyncServerConnectionManagerRequest", "result":"SYNC_SERVER_OK", "context":{"environment":"Prod_southeastasia_prod-s01-064-apac-southeastasia", "migrationStage":"NotStarted", "server":"akswtt006000021"}}
{"logTime": "0407/160644", "correlationVector":"MTQPzsJTS6wEiKS3SG9OlH.2","action":"Commit Response", "result":"Success", "context":Result: Success. cV=MTQPzsJTS6wEiKS3SG9OlH.0;server=akswtt006000021;cloudType=Consumer;environment=Prod_southeastasia_prod-s01-064-apac-southeastasia;migrationStage=NotStarted}
{"logTime": "0407/160753", "correlationVector":"uBEcbrbVXAh1VKDGTm8ORe","action":"Commit Request", "result":"", "context":Item count: 19
Contributing types: Sessions, History}
{"logTime": "0407/160754", "correlationVector":"uBEcbrbVXAh1VKDGTm8ORe.1","action":"SyncServerConnectionManagerRequest", "result":"SYNC_SERVER_OK", "context":{"environment":"Prod_southeastasia_prod-s01-064-apac-southeastasia", "migrationStage":"NotStarted", "server":"akswtt00600001r"}}
{"logTime": "0407/160754", "correlationVector":"uBEcbrbVXAh1VKDGTm8ORe.2","action":"Commit Response", "result":"Success", "context":Result: Success. cV=uBEcbrbVXAh1VKDGTm8ORe.0;server=akswtt00600001r;cloudType=Consumer;environment=Prod_southeastasia_prod-s01-064-apac-southeastasia;migrationStage=NotStarted}
{"logTime": "0410/042947", "correlationVector":"htmRKliv03Xv71IxO8Cozv.1","action":"SyncServerConnectionManagerRequest", "result":"SYNC_SERVER_OK", "context":{"environment":"Prod_southeastasia_prod-s01-064-apac-southeastasia", "migrationStage":"NotStarted", "server":"akswtt00600000g"}}
{"logTime": "0410/042947", "correlationVector":"htmRKliv03Xv71IxO8Cozv.2","action":"ProcessGetUpdates", "result":"Done", "context":{"dataType":"Encryption Keys", "deleted":"0", "process_failed_to_decrypt":"0", "process_pending_decryption":"0", "process_success":"1", "total":"1"}}
{"logTime": "0410/042948", "correlationVector":"DS07/Fm6PPf5eJFtNpAn2U","action":"SyncServerConnectionManagerRequest", "result":"SYNC_SERVER_OK", "context":{"environment":"", "migrationStage":"", "server":""}}
{"logTime": "0410/042948", "correlationVector":"DS07/Fm6PPf5eJFtNpAn2U.0","action":"EncryptionKeysFetcher.DownloadKeys:", "result":"Success", "context":Key count: 5, Last key timestamp: 2024-10-17T09:10:56Z}
{"logTime": "0410/042948", "correlationVector":"DS07/Fm6PPf5eJFtNpAn2U.1","action":"EncryptionKeysManager::SetEncryptionKeys:", "result":"Success", "context":Key names[5]:[pwMnIkf1fujLqJcquwYsGwGSf9oazDKw9ChTYLq1wviUhuf0rO7GUEWCWTzNA01Rb8sTkoSHpYQU5Bs1spfGyw==][/8gLJz1luq01RHQSUxmRloxqKlqaTB3+0MV/3d1BYRuDDycV6/5sRKkzlrRWf5tFBe8qWPswcIZlHXCuC/y0YQ==][qV7oV2uSLDI8w53UFfB0Du8yxX4V/Q2hJNSg8rCJzOXPvWrjxz4vTbkdWguOruNZrhKT//jj4wIZQKoe1H8HaA==][QylENRztLySmfsktetyBNSIX944kugeGtC4FoKMsFwCL2iDsBdCvBFW6SWVzRawOQ+cVGGnDxqQF9v747715mQ==][dXVkBr2BZhoGLex8C3s8XmkX2TyO0ZIhGTLmlmHCbrW7sfycGFYYulGdE3XbaqIILHNckxnp+AnTMSKGzlssBg==]}
{"logTime": "0410/042948", "correlationVector":"DS07/Fm6PPf5eJFtNpAn2U.2","action":"EncryptionKeysManager::SetEncryptionKeysWithTimestamps:", "result":"Success", "context":Key timestamps[5]:[2024-02-05T06:56:51Z][2024-04-21T19:44:09Z][2024-07-04T10:54:06Z][2024-09-30T17:25:33Z][2024-10-17T09:10:56Z]}
{"logTime": "0410/042948", "correlationVector":"htmRKliv03Xv71IxO8Cozv","action":"Initial GetUpdates", "result":"", "context":Reason: NEW_CLIENT. cV=htmRKliv03Xv71IxO8Cozv}
{"logTime": "0410/042948", "correlationVector":"htmRKliv03Xv71IxO8Cozv.3","action":"GetUpdates Response", "result":"Success", "context":Received 1 update(s). cV=htmRKliv03Xv71IxO8Cozv.0;server=akswtt00600000g;cloudType=Consumer;environment=Prod_southeastasia_prod-s01-064-apac-southeastasia;migrationStage=NotStarted}
{"logTime": "0410/042948", "correlationVector":"h6WMolyuv3IPq6nlX/epAl","action":"Initial GetUpdates", "result":"", "context":Reason: NEWLY_SUPPORTED_DATATYPE. cV=h6WMolyuv3IPq6nlX/epAl}
{"logTime": "0410/042949", "correlationVector":"h6WMolyuv3IPq6nlX/epAl.1","action":"SyncServerConnectionManagerRequest", "result":"SYNC_SERVER_OK", "context":{"environment":"Prod_southeastasia_prod-s01-064-apac-southeastasia", "migrationStage":"NotStarted", "server":"akswtt006000024"}}
{"logTime": "0410/042949", "correlationVector":"h6WMolyuv3IPq6nlX/epAl.2","action":"ProcessGetUpdates", "result":"Done", "context":{"dataType":"Passwords", "deleted":"9", "process_failed_to_decrypt":"0", "process_pending_decryption":"0", "process_success":"84", "total":"84"}}
{"logTime": "0410/042949", "correlationVector":"h6WMolyuv3IPq6nlX/epAl.3","action":"GetUpdates Response", "result":"Success", "context":Received 84 update(s). cV=h6WMolyuv3IPq6nlX/epAl.0;server=akswtt006000024;cloudType=Consumer;environment=Prod_southeastasia_prod-s01-064-apac-southeastasia;migrationStage=NotStarted}
{"logTime": "0410/042949", "correlationVector":"d5FRQgziUN0cJ+WrCHgWJo","action":"Normal GetUpdate request", "result":"", "context":cV=d5FRQgziUN0cJ+WrCHgWJo
Nudged types: Preferences, Sessions, Device Info, History
Refresh requested types: Bookmarks, Preferences, Passwords, Autofill Profiles, Autofill, Extensions, Sessions, Extension settings, History Delete Directives, Device Info, User Consents, Send Tab To Self, Web Apps, History, Saved Tab Group, Collection, Edge E Drop, Edge Hub App Usage, Edge Tab Group, Edge Wallet, Encryption Keys}
{"logTime": "0410/042950", "correlationVector":"d5FRQgziUN0cJ+WrCHgWJo.1","action":"SyncServerConnectionManagerRequest", "result":"SYNC_SERVER_OK", "context":{"environment":"Prod_southeastasia_prod-s01-064-apac-southeastasia", "migrationStage":"NotStarted", "server":"akswtt00600002f"}}
{"logTime": "0410/042950", "correlationVector":"d5FRQgziUN0cJ+WrCHgWJo.2","action":"ProcessGetUpdates", "result":"Done", "context":{"dataType":"Autofill Profiles", "deleted":"0", "process_failed_to_decrypt":"0", "process_pending_decryption":"0", "process_success":"2", "total":"2"}}
{"logTime": "0410/042950", "correlationVector":"d5FRQgziUN0cJ+WrCHgWJo.3","action":"ProcessGetUpdates", "result":"Done", "context":{"dataType":"Autofill", "deleted":"0", "process_failed_to_decrypt":"0", "process_pending_decryption":"0", "process_success":"11", "total":"11"}}
{"logTime": "0410/042950", "correlationVector":"d5FRQgziUN0cJ+WrCHgWJo.4","action":"ProcessGetUpdates", "result":"Done", "context":{"dataType":"Sessions", "deleted":"49", "process_failed_to_decrypt":"0", "process_pending_decryption":"0", "process_success":"50", "total":"50"}}
{"logTime": "0410/042950", "correlationVector":"d5FRQgziUN0cJ+WrCHgWJo.5","action":"ProcessGetUpdates", "result":"Done", "context":{"dataType":"History", "deleted":"0", "process_failed_to_decrypt":"0", "process_pending_decryption":"0", "process_success":"250", "total":"250"}}
{"logTime": "0410/042950", "correlationVector":"d5FRQgziUN0cJ+WrCHgWJo.6","action":"GetUpdates Response", "result":"Success", "context":Received 313 update(s). cV=d5FRQgziUN0cJ+WrCHgWJo.0;server=akswtt00600002f;cloudType=Consumer;environment=Prod_southeastasia_prod-s01-064-apac-southeastasia;migrationStage=NotStarted Some updates remain.}
{"logTime": "0410/042950", "correlationVector":"K2WVVJ5Fr6+5faGutKOtMX","action":"Normal GetUpdate request", "result":"", "context":cV=K2WVVJ5Fr6+5faGutKOtMX
Nudged types: Preferences, Sessions, Device Info, History
Refresh requested types: Bookmarks, Preferences, Passwords, Autofill Profiles, Autofill, Extensions, Sessions, Extension settings, History Delete Directives, Device Info, User Consents, Send Tab To Self, Web Apps, History, Saved Tab Group, Collection, Edge E Drop, Edge Hub App Usage, Edge Tab Group, Edge Wallet, Encryption Keys}
{"logTime": "0410/042951", "correlationVector":"K2WVVJ5Fr6+5faGutKOtMX.1","action":"SyncServerConnectionManagerRequest", "result":"SYNC_SERVER_OK", "context":{"environment":"Prod_southeastasia_prod-s01-064-apac-southeastasia", "migrationStage":"NotStarted", "server":"akswtt00600000m"}}
{"logTime": "0410/042951", "correlationVector":"K2WVVJ5Fr6+5faGutKOtMX.2","action":"ProcessGetUpdates", "result":"Done", "context":{"dataType":"Preferences", "deleted":"0", "process_failed_to_decrypt":"0", "process_pending_decryption":"0", "process_success":"1", "total":"1"}}
{"logTime": "0410/042951", "correlationVector":"K2WVVJ5Fr6+5faGutKOtMX.3","action":"ProcessGetUpdates", "result":"Done", "context":{"dataType":"Autofill Profiles", "deleted":"0", "process_failed_to_decrypt":"0", "process_pending_decryption":"0", "process_success":"4", "total":"4"}}
{"logTime": "0410/042951", "correlationVector":"K2WVVJ5Fr6+5faGutKOtMX.4","action":"ProcessGetUpdates", "result":"Done", "context":{"dataType":"Autofill", "deleted":"0", "process_failed_to_decrypt":"0", "process_pending_decryption":"0", "process_success":"6", "total":"6"}}
{"logTime": "0410/042951", "correlationVector":"K2WVVJ5Fr6+5faGutKOtMX.5","action":"ProcessGetUpdates", "result":"Done", "context":{"dataType":"Sessions", "deleted":"21", "process_failed_to_decrypt":"0", "process_pending_decryption":"0", "process_success":"21", "total":"21"}}
{"logTime": "0410/042951", "correlationVector":"K2WVVJ5Fr6+5faGutKOtMX.6","action":"ProcessGetUpdates", "result":"Done", "context":{"dataType":"History", "deleted":"0", "process_failed_to_decrypt":"0", "process_pending_decryption":"0", "process_success":"250", "total":"250"}}
{"logTime": "0410/042951", "correlationVector":"K2WVVJ5Fr6+5faGutKOtMX.7","action":"GetUpdates Response", "result":"Success", "context":Received 282 update(s). cV=K2WVVJ5Fr6+5faGutKOtMX.0;server=akswtt00600000m;cloudType=Consumer;environment=Prod_southeastasia_prod-s01-064-apac-southeastasia;migrationStage=NotStarted Some updates remain.}
{"logTime": "0410/042951", "correlationVector":"PXZL21YuPZpr0su0ZC6/GD","action":"Normal GetUpdate request", "result":"", "context":cV=PXZL21YuPZpr0su0ZC6/GD
Nudged types: Preferences, Sessions, Device Info, History
Refresh requested types: Bookmarks, Preferences, Passwords, Autofill Profiles, Autofill, Extensions, Sessions, Extension settings, History Delete Directives, Device Info, User Consents, Send Tab To Self, Web Apps, History, Saved Tab Group, Collection, Edge E Drop, Edge Hub App Usage, Edge Tab Group, Edge Wallet, Encryption Keys}
{"logTime": "0410/042952", "correlationVector":"PXZL21YuPZpr0su0ZC6/GD.1","action":"SyncServerConnectionManagerRequest", "result":"SYNC_SERVER_OK", "context":{"environment":"Prod_southeastasia_prod-s01-064-apac-southeastasia", "migrationStage":"NotStarted", "server":"akswtt00600003r"}}
{"logTime": "0410/042952", "correlationVector":"PXZL21YuPZpr0su0ZC6/GD.2","action":"ProcessGetUpdates", "result":"Done", "context":{"dataType":"Autofill Profiles", "deleted":"0", "process_failed_to_decrypt":"0", "process_pending_decryption":"0", "process_success":"3", "total":"3"}}
{"logTime": "0410/042952", "correlationVector":"PXZL21YuPZpr0su0ZC6/GD.3","action":"ProcessGetUpdates", "result":"Done", "context":{"dataType":"Autofill", "deleted":"0", "process_failed_to_decrypt":"0", "process_pending_decryption":"0", "process_success":"8", "total":"8"}}
{"logTime": "0410/042952", "correlationVector":"PXZL21YuPZpr0su0ZC6/GD.4","action":"ProcessGetUpdates", "result":"Done", "context":{"dataType":"Sessions", "deleted":"27", "process_failed_to_decrypt":"0", "process_pending_decryption":"0", "process_success":"27", "total":"27"}}
{"logTime": "0410/042952", "correlationVector":"PXZL21YuPZpr0su0ZC6/GD.5","action":"ProcessGetUpdates", "result":"Done", "context":{"dataType":"History", "deleted":"0", "process_failed_to_decrypt":"0", "process_pending_decryption":"0", "process_success":"250", "total":"250"}}
{"logTime": "0410/042952", "correlationVector":"PXZL21YuPZpr0su0ZC6/GD.6","action":"GetUpdates Response", "result":"Success", "context":Received 288 update(s). cV=PXZL21YuPZpr0su0ZC6/GD.0;server=akswtt00600003r;cloudType=Consumer;environment=Prod_southeastasia_prod-s01-064-apac-southeastasia;migrationStage=NotStarted Some updates remain.}
{"logTime": "0410/042952", "correlationVector":"TZl6ww6L8qCnuPVAnfMFUO","action":"Normal GetUpdate request", "result":"", "context":cV=TZl6ww6L8qCnuPVAnfMFUO
Nudged types: Preferences, Sessions, Device Info, History
Refresh requested types: Bookmarks, Preferences, Passwords, Autofill Profiles, Autofill, Extensions, Sessions, Extension settings, History Delete Directives, Device Info, User Consents, Send Tab To Self, Web Apps, History, Saved Tab Group, Collection, Edge E Drop, Edge Hub App Usage, Edge Tab Group, Edge Wallet, Encryption Keys}
{"logTime": "0410/042952", "correlationVector":"TZl6ww6L8qCnuPVAnfMFUO.1","action":"SyncServerConnectionManagerRequest", "result":"SYNC_SERVER_OK", "context":{"environment":"Prod_southeastasia_prod-s01-064-apac-southeastasia", "migrationStage":"NotStarted", "server":"akswtt006000002"}}
{"logTime": "0410/042952", "correlationVector":"TZl6ww6L8qCnuPVAnfMFUO.2","action":"ProcessGetUpdates", "result":"Done", "context":{"dataType":"Autofill Profiles", "deleted":"0", "process_failed_to_decrypt":"0", "process_pending_decryption":"0", "process_success":"3", "total":"3"}}
{"logTime": "0410/042952", "correlationVector":"TZl6ww6L8qCnuPVAnfMFUO.3","action":"ProcessGetUpdates", "result":"Done", "context":{"dataType":"Autofill", "deleted":"0", "process_failed_to_decrypt":"0", "process_pending_decryption":"0", "process_success":"6", "total":"6"}}
{"logTime": "0410/042952", "correlationVector":"TZl6ww6L8qCnuPVAnfMFUO.4","action":"ProcessGetUpdates", "result":"Done", "context":{"dataType":"Extensions", "deleted":"0", "process_failed_to_decrypt":"0", "process_pending_decryption":"0", "process_success":"1", "total":"1"}}
{"logTime": "0410/042952", "correlationVector":"TZl6ww6L8qCnuPVAnfMFUO.5","action":"ProcessGetUpdates", "result":"Done", "context":{"dataType":"Sessions", "deleted":"28", "process_failed_to_decrypt":"0", "process_pending_decryption":"0", "process_success":"28", "total":"28"}}
{"logTime": "0410/042952", "correlationVector":"TZl6ww6L8qCnuPVAnfMFUO.6","action":"ProcessGetUpdates", "result":"Done", "context":{"dataType":"History", "deleted":"0", "process_failed_to_decrypt":"0", "process_pending_decryption":"0", "process_success":"250", "total":"250"}}
{"logTime": "0410/042952", "correlationVector":"TZl6ww6L8qCnuPVAnfMFUO.7","action":"GetUpdates Response", "result":"Success", "context":Received 288 update(s). cV=TZl6ww6L8qCnuPVAnfMFUO.0;server=akswtt006000002;cloudType=Consumer;environment=Prod_southeastasia_prod-s01-064-apac-southeastasia;migrationStage=NotStarted Some updates remain.}
{"logTime": "0410/042952", "correlationVector":"5XHiY0lG49WPk8vAQSFnIB","action":"Normal GetUpdate request", "result":"", "context":cV=5XHiY0lG49WPk8vAQSFnIB
Nudged types: Preferences, Sessions, Device Info, History
Refresh requested types: Bookmarks, Preferences, Passwords, Autofill Profiles, Autofill, Extensions, Sessions, Extension settings, History Delete Directives, Device Info, User Consents, Send Tab To Self, Web Apps, History, Saved Tab Group, Collection, Edge E Drop, Edge Hub App Usage, Edge Tab Group, Edge Wallet, Encryption Keys}
{"logTime": "0410/042952", "correlationVector":"5XHiY0lG49WPk8vAQSFnIB.1","action":"SyncServerConnectionManagerRequest", "result":"SYNC_SERVER_OK", "context":{"environment":"Prod_southeastasia_prod-s01-064-apac-southeastasia", "migrationStage":"NotStarted", "server":"akswtt00600004q"}}
{"logTime": "0410/042952", "correlationVector":"5XHiY0lG49WPk8vAQSFnIB.2","action":"ProcessGetUpdates", "result":"Done", "context":{"dataType":"Preferences", "deleted":"0", "process_failed_to_decrypt":"0", "process_pending_decryption":"0", "process_success":"2", "total":"2"}}
{"logTime": "0410/042952", "correlationVector":"5XHiY0lG49WPk8vAQSFnIB.3","action":"ProcessGetUpdates", "result":"Done", "context":{"dataType":"Autofill", "deleted":"0", "process_failed_to_decrypt":"0", "process_pending_decryption":"0", "process_success":"1", "total":"1"}}
{"logTime": "0410/042952", "correlationVector":"5XHiY0lG49WPk8vAQSFnIB.4","action":"ProcessGetUpdates", "result":"Done", "context":{"dataType":"Sessions", "deleted":"25", "process_failed_to_decrypt":"0", "process_pending_decryption":"0", "process_success":"27", "total":"27"}}
{"logTime": "0410/042952", "correlationVector":"5XHiY0lG49WPk8vAQSFnIB.5","action":"ProcessGetUpdates", "result":"Done", "context":{"dataType":"Device Info", "deleted":"0", "process_failed_to_decrypt":"0", "process_pending_decryption":"0", "process_success":"1", "total":"1"}}
{"logTime": "0410/042952", "correlationVector":"5XHiY0lG49WPk8vAQSFnIB.6","action":"ProcessGetUpdates", "result":"Done", "context":{"dataType":"History", "deleted":"0", "process_failed_to_decrypt":"0", "process_pending_decryption":"0", "process_success":"250", "total":"250"}}
{"logTime": "0410/042952", "correlationVector":"5XHiY0lG49WPk8vAQSFnIB.7","action":"ProcessGetUpdates", "result":"Done", "context":{"dataType":"Edge Hub App Usage", "deleted":"0", "process_failed_to_decrypt":"0", "process_pending_decryption":"0", "process_success":"1", "total":"1"}}
{"logTime": "0410/042952", "correlationVector":"5XHiY0lG49WPk8vAQSFnIB.8","action":"GetUpdates Response", "result":"Success", "context":Received 282 update(s). cV=5XHiY0lG49WPk8vAQSFnIB.0;server=akswtt00600004q;cloudType=Consumer;environment=Prod_southeastasia_prod-s01-064-apac-southeastasia;migrationStage=NotStarted Some updates remain.}
{"logTime": "0410/042952", "correlationVector":"VpUvtvWLoWzJmD3X3CNLIk","action":"Normal GetUpdate request", "result":"", "context":cV=VpUvtvWLoWzJmD3X3CNLIk
Nudged types: Preferences, Sessions, Device Info, History
Refresh requested types: Bookmarks, Preferences, Passwords, Autofill Profiles, Autofill, Extensions, Sessions, Extension settings, History Delete Directives, Device Info, User Consents, Send Tab To Self, Web Apps, History, Saved Tab Group, Collection, Edge E Drop, Edge Hub App Usage, Edge Tab Group, Edge Wallet, Encryption Keys}
{"logTime": "0410/042952", "correlationVector":"VpUvtvWLoWzJmD3X3CNLIk.1","action":"SyncServerConnectionManagerRequest", "result":"SYNC_SERVER_OK", "context":{"environment":"Prod_southeastasia_prod-s01-064-apac-southeastasia", "migrationStage":"NotStarted", "server":"akswtt006000002"}}
{"logTime": "0410/042952", "correlationVector":"VpUvtvWLoWzJmD3X3CNLIk.2","action":"ProcessGetUpdates", "result":"Done", "context":{"dataType":"Preferences", "deleted":"0", "process_failed_to_decrypt":"0", "process_pending_decryption":"0", "process_success":"1", "total":"1"}}
{"logTime": "0410/042952", "correlationVector":"VpUvtvWLoWzJmD3X3CNLIk.3","action":"ProcessGetUpdates", "result":"Done", "context":{"dataType":"Autofill", "deleted":"0", "process_failed_to_decrypt":"0", "process_pending_decryption":"0", "process_success":"1", "total":"1"}}
{"logTime": "0410/042952", "correlationVector":"VpUvtvWLoWzJmD3X3CNLIk.4","action":"ProcessGetUpdates", "result":"Done", "context":{"dataType":"Sessions", "deleted":"4", "process_failed_to_decrypt":"0", "process_pending_decryption":"0", "process_success":"7", "total":"7"}}
{"logTime": "0410/042952", "correlationVector":"VpUvtvWLoWzJmD3X3CNLIk.5","action":"ProcessGetUpdates", "result":"Done", "context":{"dataType":"Device Info", "deleted":"0", "process_failed_to_decrypt":"0", "process_pending_decryption":"0", "process_success":"1", "total":"1"}}
{"logTime": "0410/042952", "correlationVector":"VpUvtvWLoWzJmD3X3CNLIk.6","action":"ProcessGetUpdates", "result":"Done", "context":{"dataType":"History", "deleted":"0", "process_failed_to_decrypt":"0", "process_pending_decryption":"0", "process_success":"15", "total":"15"}}
{"logTime": "0410/042952", "correlationVector":"VpUvtvWLoWzJmD3X3CNLIk.7","action":"GetUpdates Response", "result":"Success", "context":Received 25 update(s). cV=VpUvtvWLoWzJmD3X3CNLIk.0;server=akswtt006000002;cloudType=Consumer;environment=Prod_southeastasia_prod-s01-064-apac-southeastasia;migrationStage=NotStarted}
{"logTime": "0410/042952", "correlationVector":"NxUtOPCungVlvDdUeMu8RQ","action":"Commit Request", "result":"", "context":Item count: 8
Contributing types: Sessions, Device Info, History}
{"logTime": "0410/042953", "correlationVector":"NxUtOPCungVlvDdUeMu8RQ.1","action":"SyncServerConnectionManagerRequest", "result":"SYNC_SERVER_OK", "context":{"environment":"Prod_southeastasia_prod-s01-064-apac-southeastasia", "migrationStage":"NotStarted", "server":"akswtt00600002f"}}
{"logTime": "0410/042953", "correlationVector":"NxUtOPCungVlvDdUeMu8RQ.2","action":"Commit Response", "result":"Success", "context":Result: Success. cV=NxUtOPCungVlvDdUeMu8RQ.0;server=akswtt00600002f;cloudType=Consumer;environment=Prod_southeastasia_prod-s01-064-apac-southeastasia;migrationStage=NotStarted}
{"logTime": "0410/042953", "correlationVector":"NxUtOPCungVlvDdUeMu8RQ.3","action":"Commit.Sessions", "result":"Success", "context":{"id":"ddfca232-cbba-4a14-8055-1138dc1c7839", "isDeleted":"true", "size":"0", "version":"1744042073370"}}
{"logTime": "0410/042953", "correlationVector":"L8gyIXoMSUuxligt/aJT8e","action":"Poll GetUpdate request", "result":"", "context":cV=L8gyIXoMSUuxligt/aJT8e}
{"logTime": "0410/042953", "correlationVector":"L8gyIXoMSUuxligt/aJT8e.1","action":"SyncServerConnectionManagerRequest", "result":"SYNC_SERVER_OK", "context":{"environment":"Prod_southeastasia_prod-s01-064-apac-southeastasia", "migrationStage":"NotStarted", "server":"akswtt00600003j"}}
{"logTime": "0410/042953", "correlationVector":"L8gyIXoMSUuxligt/aJT8e.2","action":"ProcessGetUpdates", "result":"Done", "context":{"dataType":"Sessions", "deleted":"1", "process_failed_to_decrypt":"0", "process_pending_decryption":"0", "process_success":"3", "total":"3"}}
{"logTime": "0410/042953", "correlationVector":"L8gyIXoMSUuxligt/aJT8e.3","action":"ProcessGetUpdates", "result":"Done", "context":{"dataType":"Device Info", "deleted":"0", "process_failed_to_decrypt":"0", "process_pending_decryption":"0", "process_success":"1", "total":"1"}}
{"logTime": "0410/042953", "correlationVector":"L8gyIXoMSUuxligt/aJT8e.4","action":"ProcessGetUpdates", "result":"Done", "context":{"dataType":"History", "deleted":"0", "process_failed_to_decrypt":"0", "process_pending_decryption":"0", "process_success":"4", "total":"4"}}
{"logTime": "0410/042953", "correlationVector":"L8gyIXoMSUuxligt/aJT8e.5","action":"GetUpdates Response", "result":"Success", "context":Received 8 update(s). cV=L8gyIXoMSUuxligt/aJT8e.0;server=akswtt00600003j;cloudType=Consumer;environment=Prod_southeastasia_prod-s01-064-apac-southeastasia;migrationStage=NotStarted}
{"logTime": "0410/042957", "correlationVector":"LeVk8TZkgAiZ18YTgup/9y","action":"Commit Request", "result":"", "context":Item count: 5
Contributing types: Preferences, Sessions, History}
{"logTime": "0410/042958", "correlationVector":"LeVk8TZkgAiZ18YTgup/9y.1","action":"SyncServerConnectionManagerRequest", "result":"SYNC_SERVER_OK", "context":{"environment":"Prod_southeastasia_prod-s01-065-apac-southeastasia", "migrationStage":"NotStarted", "server":"akswtt00600001n"}}
{"logTime": "0410/042958", "correlationVector":"LeVk8TZkgAiZ18YTgup/9y.2","action":"Commit Response", "result":"Success", "context":Result: Success. cV=LeVk8TZkgAiZ18YTgup/9y.0;server=akswtt00600001n;cloudType=Consumer;environment=Prod_southeastasia_prod-s01-065-apac-southeastasia;migrationStage=NotStarted}
{"logTime": "0410/043104", "correlationVector":"0gbbXWXzPqpLzmaoKa2aEl","action":"Commit Request", "result":"", "context":Item count: 15
Contributing types: Sessions, History}
{"logTime": "0410/043106", "correlationVector":"0gbbXWXzPqpLzmaoKa2aEl.1","action":"SyncServerConnectionManagerRequest", "result":"SYNC_SERVER_OK", "context":{"environment":"Prod_southeastasia_prod-s01-065-apac-southeastasia", "migrationStage":"NotStarted", "server":"akswtt00600002r"}}
{"logTime": "0410/043106", "correlationVector":"0gbbXWXzPqpLzmaoKa2aEl.2","action":"Commit Response", "result":"Success", "context":Result: Success. cV=0gbbXWXzPqpLzmaoKa2aEl.0;server=akswtt00600002r;cloudType=Consumer;environment=Prod_southeastasia_prod-s01-065-apac-southeastasia;migrationStage=NotStarted}
